[2025-10-25 01:00:34] production.ERROR: include(C:\xampp\htdocs\Laravel\Trazabilidad\vendor\composer/../laravel/breeze/src/BreezeServiceProvider.php): Failed to open stream: No such file or directory {"exception":"[object] (ErrorException(code: 0): include(C:\\xampp\\htdocs\\Laravel\\Trazabilidad\\vendor\\composer/../laravel/breeze/src/BreezeServiceProvider.php): Failed to open stream: No such file or directory at C:\\xampp\\htdocs\\Laravel\\Trazabilidad\\vendor\\composer\\ClassLoader.php:576)
[stacktrace]
#0 C:\\xampp\\htdocs\\Laravel\\Trazabilidad\\vendor\\laravel\\framework\\src\\Illuminate\\Foundation\\Bootstrap\\HandleExceptions.php(290): Illuminate\\Foundation\\Bootstrap\\HandleExceptions->handleError(2, 'include(C:\\\\xamp...', 'C:\\\\xampp\\\\htdocs...', 576)
#1 C:\\xampp\\htdocs\\Laravel\\Trazabilidad\\vendor\\composer\\ClassLoader.php(576): Illuminate\\Foundation\\Bootstrap\\HandleExceptions->Illuminate\\Foundation\\Bootstrap\\{closure}(2, 'include(C:\\\\xamp...', 'C:\\\\xampp\\\\htdocs...', 576)
#2 C:\\xampp\\htdocs\\Laravel\\Trazabilidad\\vendor\\composer\\ClassLoader.php(576): include('C:\\\\xampp\\\\htdocs...')
#3 C:\\xampp\\htdocs\\Laravel\\Trazabilidad\\vendor\\composer\\ClassLoader.php(427): Composer\\Autoload\\{closure}('C:\\\\xampp\\\\htdocs...')
#4 C:\\xampp\\htdocs\\Laravel\\Trazabilidad\\vendor\\laravel\\framework\\src\\Illuminate\\Foundation\\Application.php(1008): Composer\\Autoload\\ClassLoader->loadClass('Laravel\\\\Breeze\\\\...')
#5 C:\\xampp\\htdocs\\Laravel\\Trazabilidad\\vendor\\laravel\\framework\\src\\Illuminate\\Foundation\\Application.php(988): Illuminate\\Foundation\\Application->registerDeferredProvider('Laravel\\\\Breeze\\\\...', 'Laravel\\\\Breeze\\\\...')
#6 C:\\xampp\\htdocs\\Laravel\\Trazabilidad\\vendor\\laravel\\framework\\src\\Illuminate\\Foundation\\Application.php(964): Illuminate\\Foundation\\Application->loadDeferredProvider('Laravel\\\\Breeze\\\\...')
#7 C:\\xampp\\htdocs\\Laravel\\Trazabilidad\\vendor\\laravel\\framework\\src\\Illuminate\\Foundation\\Console\\Kernel.php(477): Illuminate\\Foundation\\Application->loadDeferredProviders()
#8 C:\\xampp\\htdocs\\Laravel\\Trazabilidad\\vendor\\laravel\\framework\\src\\Illuminate\\Foundation\\Console\\Kernel.php(196): Illuminate\\Foundation\\Console\\Kernel->bootstrap()
#9 Command line code(1): Illuminate\\Foundation\\Console\\Kernel->handle(Object(Symfony\\Component\\Console\\Input\\ArgvInput), Object(Symfony\\Component\\Console\\Output\\ConsoleOutput))
#10 {main}
"} 
[2025-10-25 01:00:36] production.ERROR: include(C:\xampp\htdocs\Laravel\Trazabilidad\vendor\composer/../laravel/breeze/src/BreezeServiceProvider.php): Failed to open stream: No such file or directory {"exception":"[object] (ErrorException(code: 0): include(C:\\xampp\\htdocs\\Laravel\\Trazabilidad\\vendor\\composer/../laravel/breeze/src/BreezeServiceProvider.php): Failed to open stream: No such file or directory at C:\\xampp\\htdocs\\Laravel\\Trazabilidad\\vendor\\composer\\ClassLoader.php:576)
[stacktrace]
#0 C:\\xampp\\htdocs\\Laravel\\Trazabilidad\\vendor\\laravel\\framework\\src\\Illuminate\\Foundation\\Bootstrap\\HandleExceptions.php(290): Illuminate\\Foundation\\Bootstrap\\HandleExceptions->handleError(2, 'include(C:\\\\xamp...', 'C:\\\\xampp\\\\htdocs...', 576)
#1 C:\\xampp\\htdocs\\Laravel\\Trazabilidad\\vendor\\composer\\ClassLoader.php(576): Illuminate\\Foundation\\Bootstrap\\HandleExceptions->Illuminate\\Foundation\\Bootstrap\\{closure}(2, 'include(C:\\\\xamp...', 'C:\\\\xampp\\\\htdocs...', 576)
#2 C:\\xampp\\htdocs\\Laravel\\Trazabilidad\\vendor\\composer\\ClassLoader.php(576): include('C:\\\\xampp\\\\htdocs...')
#3 C:\\xampp\\htdocs\\Laravel\\Trazabilidad\\vendor\\composer\\ClassLoader.php(427): Composer\\Autoload\\{closure}('C:\\\\xampp\\\\htdocs...')
#4 C:\\xampp\\htdocs\\Laravel\\Trazabilidad\\vendor\\laravel\\framework\\src\\Illuminate\\Foundation\\Application.php(1008): Composer\\Autoload\\ClassLoader->loadClass('Laravel\\\\Breeze\\\\...')
#5 C:\\xampp\\htdocs\\Laravel\\Trazabilidad\\vendor\\laravel\\framework\\src\\Illuminate\\Foundation\\Application.php(988): Illuminate\\Foundation\\Application->registerDeferredProvider('Laravel\\\\Breeze\\\\...', 'Laravel\\\\Breeze\\\\...')
#6 C:\\xampp\\htdocs\\Laravel\\Trazabilidad\\vendor\\laravel\\framework\\src\\Illuminate\\Foundation\\Application.php(964): Illuminate\\Foundation\\Application->loadDeferredProvider('Laravel\\\\Breeze\\\\...')
#7 C:\\xampp\\htdocs\\Laravel\\Trazabilidad\\vendor\\laravel\\framework\\src\\Illuminate\\Foundation\\Console\\Kernel.php(477): Illuminate\\Foundation\\Application->loadDeferredProviders()
#8 C:\\xampp\\htdocs\\Laravel\\Trazabilidad\\vendor\\laravel\\framework\\src\\Illuminate\\Foundation\\Console\\Kernel.php(196): Illuminate\\Foundation\\Console\\Kernel->bootstrap()
#9 Command line code(1): Illuminate\\Foundation\\Console\\Kernel->handle(Object(Symfony\\Component\\Console\\Input\\ArgvInput), Object(Symfony\\Component\\Console\\Output\\ConsoleOutput))
#10 {main}
"} 
[2025-10-25 01:00:36] production.ERROR: include(C:\xampp\htdocs\Laravel\Trazabilidad\vendor\composer/../laravel/breeze/src/BreezeServiceProvider.php): Failed to open stream: No such file or directory {"exception":"[object] (ErrorException(code: 0): include(C:\\xampp\\htdocs\\Laravel\\Trazabilidad\\vendor\\composer/../laravel/breeze/src/BreezeServiceProvider.php): Failed to open stream: No such file or directory at C:\\xampp\\htdocs\\Laravel\\Trazabilidad\\vendor\\composer\\ClassLoader.php:576)
[stacktrace]
#0 C:\\xampp\\htdocs\\Laravel\\Trazabilidad\\vendor\\laravel\\framework\\src\\Illuminate\\Foundation\\Bootstrap\\HandleExceptions.php(290): Illuminate\\Foundation\\Bootstrap\\HandleExceptions->handleError(2, 'include(C:\\\\xamp...', 'C:\\\\xampp\\\\htdocs...', 576)
#1 C:\\xampp\\htdocs\\Laravel\\Trazabilidad\\vendor\\composer\\ClassLoader.php(576): Illuminate\\Foundation\\Bootstrap\\HandleExceptions->Illuminate\\Foundation\\Bootstrap\\{closure}(2, 'include(C:\\\\xamp...', 'C:\\\\xampp\\\\htdocs...', 576)
#2 C:\\xampp\\htdocs\\Laravel\\Trazabilidad\\vendor\\composer\\ClassLoader.php(576): include('C:\\\\xampp\\\\htdocs...')
#3 C:\\xampp\\htdocs\\Laravel\\Trazabilidad\\vendor\\composer\\ClassLoader.php(427): Composer\\Autoload\\{closure}('C:\\\\xampp\\\\htdocs...')
#4 C:\\xampp\\htdocs\\Laravel\\Trazabilidad\\vendor\\laravel\\framework\\src\\Illuminate\\Foundation\\Application.php(1008): Composer\\Autoload\\ClassLoader->loadClass('Laravel\\\\Breeze\\\\...')
#5 C:\\xampp\\htdocs\\Laravel\\Trazabilidad\\vendor\\laravel\\framework\\src\\Illuminate\\Foundation\\Application.php(988): Illuminate\\Foundation\\Application->registerDeferredProvider('Laravel\\\\Breeze\\\\...', 'Laravel\\\\Breeze\\\\...')
#6 C:\\xampp\\htdocs\\Laravel\\Trazabilidad\\vendor\\laravel\\framework\\src\\Illuminate\\Foundation\\Application.php(964): Illuminate\\Foundation\\Application->loadDeferredProvider('Laravel\\\\Breeze\\\\...')
#7 C:\\xampp\\htdocs\\Laravel\\Trazabilidad\\vendor\\laravel\\framework\\src\\Illuminate\\Foundation\\Console\\Kernel.php(477): Illuminate\\Foundation\\Application->loadDeferredProviders()
#8 C:\\xampp\\htdocs\\Laravel\\Trazabilidad\\vendor\\laravel\\framework\\src\\Illuminate\\Foundation\\Console\\Kernel.php(196): Illuminate\\Foundation\\Console\\Kernel->bootstrap()
#9 Command line code(1): Illuminate\\Foundation\\Console\\Kernel->handle(Object(Symfony\\Component\\Console\\Input\\ArgvInput), Object(Symfony\\Component\\Console\\Output\\ConsoleOutput))
#10 {main}
"} 
[2025-10-25 01:00:38] production.ERROR: include(C:\xampp\htdocs\Laravel\Trazabilidad\vendor\composer/../laravel/breeze/src/BreezeServiceProvider.php): Failed to open stream: No such file or directory {"exception":"[object] (ErrorException(code: 0): include(C:\\xampp\\htdocs\\Laravel\\Trazabilidad\\vendor\\composer/../laravel/breeze/src/BreezeServiceProvider.php): Failed to open stream: No such file or directory at C:\\xampp\\htdocs\\Laravel\\Trazabilidad\\vendor\\composer\\ClassLoader.php:576)
[stacktrace]
#0 C:\\xampp\\htdocs\\Laravel\\Trazabilidad\\vendor\\laravel\\framework\\src\\Illuminate\\Foundation\\Bootstrap\\HandleExceptions.php(290): Illuminate\\Foundation\\Bootstrap\\HandleExceptions->handleError(2, 'include(C:\\\\xamp...', 'C:\\\\xampp\\\\htdocs...', 576)
#1 C:\\xampp\\htdocs\\Laravel\\Trazabilidad\\vendor\\composer\\ClassLoader.php(576): Illuminate\\Foundation\\Bootstrap\\HandleExceptions->Illuminate\\Foundation\\Bootstrap\\{closure}(2, 'include(C:\\\\xamp...', 'C:\\\\xampp\\\\htdocs...', 576)
#2 C:\\xampp\\htdocs\\Laravel\\Trazabilidad\\vendor\\composer\\ClassLoader.php(576): include('C:\\\\xampp\\\\htdocs...')
#3 C:\\xampp\\htdocs\\Laravel\\Trazabilidad\\vendor\\composer\\ClassLoader.php(427): Composer\\Autoload\\{closure}('C:\\\\xampp\\\\htdocs...')
#4 C:\\xampp\\htdocs\\Laravel\\Trazabilidad\\vendor\\laravel\\framework\\src\\Illuminate\\Foundation\\Application.php(1008): Composer\\Autoload\\ClassLoader->loadClass('Laravel\\\\Breeze\\\\...')
#5 C:\\xampp\\htdocs\\Laravel\\Trazabilidad\\vendor\\laravel\\framework\\src\\Illuminate\\Foundation\\Application.php(988): Illuminate\\Foundation\\Application->registerDeferredProvider('Laravel\\\\Breeze\\\\...', 'Laravel\\\\Breeze\\\\...')
#6 C:\\xampp\\htdocs\\Laravel\\Trazabilidad\\vendor\\laravel\\framework\\src\\Illuminate\\Foundation\\Application.php(964): Illuminate\\Foundation\\Application->loadDeferredProvider('Laravel\\\\Breeze\\\\...')
#7 C:\\xampp\\htdocs\\Laravel\\Trazabilidad\\vendor\\laravel\\framework\\src\\Illuminate\\Foundation\\Console\\Kernel.php(477): Illuminate\\Foundation\\Application->loadDeferredProviders()
#8 C:\\xampp\\htdocs\\Laravel\\Trazabilidad\\vendor\\laravel\\framework\\src\\Illuminate\\Foundation\\Console\\Kernel.php(196): Illuminate\\Foundation\\Console\\Kernel->bootstrap()
#9 Command line code(1): Illuminate\\Foundation\\Console\\Kernel->handle(Object(Symfony\\Component\\Console\\Input\\ArgvInput), Object(Symfony\\Component\\Console\\Output\\ConsoleOutput))
#10 {main}
"} 
[2025-10-25 01:00:38] production.ERROR: include(C:\xampp\htdocs\Laravel\Trazabilidad\vendor\composer/../laravel/breeze/src/BreezeServiceProvider.php): Failed to open stream: No such file or directory {"exception":"[object] (ErrorException(code: 0): include(C:\\xampp\\htdocs\\Laravel\\Trazabilidad\\vendor\\composer/../laravel/breeze/src/BreezeServiceProvider.php): Failed to open stream: No such file or directory at C:\\xampp\\htdocs\\Laravel\\Trazabilidad\\vendor\\composer\\ClassLoader.php:576)
[stacktrace]
#0 C:\\xampp\\htdocs\\Laravel\\Trazabilidad\\vendor\\laravel\\framework\\src\\Illuminate\\Foundation\\Bootstrap\\HandleExceptions.php(290): Illuminate\\Foundation\\Bootstrap\\HandleExceptions->handleError(2, 'include(C:\\\\xamp...', 'C:\\\\xampp\\\\htdocs...', 576)
#1 C:\\xampp\\htdocs\\Laravel\\Trazabilidad\\vendor\\composer\\ClassLoader.php(576): Illuminate\\Foundation\\Bootstrap\\HandleExceptions->Illuminate\\Foundation\\Bootstrap\\{closure}(2, 'include(C:\\\\xamp...', 'C:\\\\xampp\\\\htdocs...', 576)
#2 C:\\xampp\\htdocs\\Laravel\\Trazabilidad\\vendor\\composer\\ClassLoader.php(576): include('C:\\\\xampp\\\\htdocs...')
#3 C:\\xampp\\htdocs\\Laravel\\Trazabilidad\\vendor\\composer\\ClassLoader.php(427): Composer\\Autoload\\{closure}('C:\\\\xampp\\\\htdocs...')
#4 C:\\xampp\\htdocs\\Laravel\\Trazabilidad\\vendor\\laravel\\framework\\src\\Illuminate\\Foundation\\Application.php(1008): Composer\\Autoload\\ClassLoader->loadClass('Laravel\\\\Breeze\\\\...')
#5 C:\\xampp\\htdocs\\Laravel\\Trazabilidad\\vendor\\laravel\\framework\\src\\Illuminate\\Foundation\\Application.php(988): Illuminate\\Foundation\\Application->registerDeferredProvider('Laravel\\\\Breeze\\\\...', 'Laravel\\\\Breeze\\\\...')
#6 C:\\xampp\\htdocs\\Laravel\\Trazabilidad\\vendor\\laravel\\framework\\src\\Illuminate\\Foundation\\Application.php(964): Illuminate\\Foundation\\Application->loadDeferredProvider('Laravel\\\\Breeze\\\\...')
#7 C:\\xampp\\htdocs\\Laravel\\Trazabilidad\\vendor\\laravel\\framework\\src\\Illuminate\\Foundation\\Console\\Kernel.php(477): Illuminate\\Foundation\\Application->loadDeferredProviders()
#8 C:\\xampp\\htdocs\\Laravel\\Trazabilidad\\vendor\\laravel\\framework\\src\\Illuminate\\Foundation\\Console\\Kernel.php(196): Illuminate\\Foundation\\Console\\Kernel->bootstrap()
#9 Command line code(1): Illuminate\\Foundation\\Console\\Kernel->handle(Object(Symfony\\Component\\Console\\Input\\ArgvInput), Object(Symfony\\Component\\Console\\Output\\ConsoleOutput))
#10 {main}
"} 
[2025-10-25 01:00:39] production.ERROR: include(C:\xampp\htdocs\Laravel\Trazabilidad\vendor\composer/../laravel/breeze/src/BreezeServiceProvider.php): Failed to open stream: No such file or directory {"exception":"[object] (ErrorException(code: 0): include(C:\\xampp\\htdocs\\Laravel\\Trazabilidad\\vendor\\composer/../laravel/breeze/src/BreezeServiceProvider.php): Failed to open stream: No such file or directory at C:\\xampp\\htdocs\\Laravel\\Trazabilidad\\vendor\\composer\\ClassLoader.php:576)
[stacktrace]
#0 C:\\xampp\\htdocs\\Laravel\\Trazabilidad\\vendor\\laravel\\framework\\src\\Illuminate\\Foundation\\Bootstrap\\HandleExceptions.php(290): Illuminate\\Foundation\\Bootstrap\\HandleExceptions->handleError(2, 'include(C:\\\\xamp...', 'C:\\\\xampp\\\\htdocs...', 576)
#1 C:\\xampp\\htdocs\\Laravel\\Trazabilidad\\vendor\\composer\\ClassLoader.php(576): Illuminate\\Foundation\\Bootstrap\\HandleExceptions->Illuminate\\Foundation\\Bootstrap\\{closure}(2, 'include(C:\\\\xamp...', 'C:\\\\xampp\\\\htdocs...', 576)
#2 C:\\xampp\\htdocs\\Laravel\\Trazabilidad\\vendor\\composer\\ClassLoader.php(576): include('C:\\\\xampp\\\\htdocs...')
#3 C:\\xampp\\htdocs\\Laravel\\Trazabilidad\\vendor\\composer\\ClassLoader.php(427): Composer\\Autoload\\{closure}('C:\\\\xampp\\\\htdocs...')
#4 C:\\xampp\\htdocs\\Laravel\\Trazabilidad\\vendor\\laravel\\framework\\src\\Illuminate\\Foundation\\Application.php(1008): Composer\\Autoload\\ClassLoader->loadClass('Laravel\\\\Breeze\\\\...')
#5 C:\\xampp\\htdocs\\Laravel\\Trazabilidad\\vendor\\laravel\\framework\\src\\Illuminate\\Foundation\\Application.php(988): Illuminate\\Foundation\\Application->registerDeferredProvider('Laravel\\\\Breeze\\\\...', 'Laravel\\\\Breeze\\\\...')
#6 C:\\xampp\\htdocs\\Laravel\\Trazabilidad\\vendor\\laravel\\framework\\src\\Illuminate\\Foundation\\Application.php(964): Illuminate\\Foundation\\Application->loadDeferredProvider('Laravel\\\\Breeze\\\\...')
#7 C:\\xampp\\htdocs\\Laravel\\Trazabilidad\\vendor\\laravel\\framework\\src\\Illuminate\\Foundation\\Console\\Kernel.php(477): Illuminate\\Foundation\\Application->loadDeferredProviders()
#8 C:\\xampp\\htdocs\\Laravel\\Trazabilidad\\vendor\\laravel\\framework\\src\\Illuminate\\Foundation\\Console\\Kernel.php(196): Illuminate\\Foundation\\Console\\Kernel->bootstrap()
#9 Command line code(1): Illuminate\\Foundation\\Console\\Kernel->handle(Object(Symfony\\Component\\Console\\Input\\ArgvInput), Object(Symfony\\Component\\Console\\Output\\ConsoleOutput))
#10 {main}
"} 
[2025-10-25 01:00:41] production.ERROR: include(C:\xampp\htdocs\Laravel\Trazabilidad\vendor\composer/../laravel/breeze/src/BreezeServiceProvider.php): Failed to open stream: No such file or directory {"exception":"[object] (ErrorException(code: 0): include(C:\\xampp\\htdocs\\Laravel\\Trazabilidad\\vendor\\composer/../laravel/breeze/src/BreezeServiceProvider.php): Failed to open stream: No such file or directory at C:\\xampp\\htdocs\\Laravel\\Trazabilidad\\vendor\\composer\\ClassLoader.php:576)
[stacktrace]
#0 C:\\xampp\\htdocs\\Laravel\\Trazabilidad\\vendor\\laravel\\framework\\src\\Illuminate\\Foundation\\Bootstrap\\HandleExceptions.php(290): Illuminate\\Foundation\\Bootstrap\\HandleExceptions->handleError(2, 'include(C:\\\\xamp...', 'C:\\\\xampp\\\\htdocs...', 576)
#1 C:\\xampp\\htdocs\\Laravel\\Trazabilidad\\vendor\\composer\\ClassLoader.php(576): Illuminate\\Foundation\\Bootstrap\\HandleExceptions->Illuminate\\Foundation\\Bootstrap\\{closure}(2, 'include(C:\\\\xamp...', 'C:\\\\xampp\\\\htdocs...', 576)
#2 C:\\xampp\\htdocs\\Laravel\\Trazabilidad\\vendor\\composer\\ClassLoader.php(576): include('C:\\\\xampp\\\\htdocs...')
#3 C:\\xampp\\htdocs\\Laravel\\Trazabilidad\\vendor\\composer\\ClassLoader.php(427): Composer\\Autoload\\{closure}('C:\\\\xampp\\\\htdocs...')
#4 C:\\xampp\\htdocs\\Laravel\\Trazabilidad\\vendor\\laravel\\framework\\src\\Illuminate\\Foundation\\Application.php(1008): Composer\\Autoload\\ClassLoader->loadClass('Laravel\\\\Breeze\\\\...')
#5 C:\\xampp\\htdocs\\Laravel\\Trazabilidad\\vendor\\laravel\\framework\\src\\Illuminate\\Foundation\\Application.php(988): Illuminate\\Foundation\\Application->registerDeferredProvider('Laravel\\\\Breeze\\\\...', 'Laravel\\\\Breeze\\\\...')
#6 C:\\xampp\\htdocs\\Laravel\\Trazabilidad\\vendor\\laravel\\framework\\src\\Illuminate\\Foundation\\Application.php(964): Illuminate\\Foundation\\Application->loadDeferredProvider('Laravel\\\\Breeze\\\\...')
#7 C:\\xampp\\htdocs\\Laravel\\Trazabilidad\\vendor\\laravel\\framework\\src\\Illuminate\\Foundation\\Console\\Kernel.php(477): Illuminate\\Foundation\\Application->loadDeferredProviders()
#8 C:\\xampp\\htdocs\\Laravel\\Trazabilidad\\vendor\\laravel\\framework\\src\\Illuminate\\Foundation\\Console\\Kernel.php(196): Illuminate\\Foundation\\Console\\Kernel->bootstrap()
#9 Command line code(1): Illuminate\\Foundation\\Console\\Kernel->handle(Object(Symfony\\Component\\Console\\Input\\ArgvInput), Object(Symfony\\Component\\Console\\Output\\ConsoleOutput))
#10 {main}
"} 
[2025-10-25 01:00:41] production.ERROR: include(C:\xampp\htdocs\Laravel\Trazabilidad\vendor\composer/../laravel/breeze/src/BreezeServiceProvider.php): Failed to open stream: No such file or directory {"exception":"[object] (ErrorException(code: 0): include(C:\\xampp\\htdocs\\Laravel\\Trazabilidad\\vendor\\composer/../laravel/breeze/src/BreezeServiceProvider.php): Failed to open stream: No such file or directory at C:\\xampp\\htdocs\\Laravel\\Trazabilidad\\vendor\\composer\\ClassLoader.php:576)
[stacktrace]
#0 C:\\xampp\\htdocs\\Laravel\\Trazabilidad\\vendor\\laravel\\framework\\src\\Illuminate\\Foundation\\Bootstrap\\HandleExceptions.php(290): Illuminate\\Foundation\\Bootstrap\\HandleExceptions->handleError(2, 'include(C:\\\\xamp...', 'C:\\\\xampp\\\\htdocs...', 576)
#1 C:\\xampp\\htdocs\\Laravel\\Trazabilidad\\vendor\\composer\\ClassLoader.php(576): Illuminate\\Foundation\\Bootstrap\\HandleExceptions->Illuminate\\Foundation\\Bootstrap\\{closure}(2, 'include(C:\\\\xamp...', 'C:\\\\xampp\\\\htdocs...', 576)
#2 C:\\xampp\\htdocs\\Laravel\\Trazabilidad\\vendor\\composer\\ClassLoader.php(576): include('C:\\\\xampp\\\\htdocs...')
#3 C:\\xampp\\htdocs\\Laravel\\Trazabilidad\\vendor\\composer\\ClassLoader.php(427): Composer\\Autoload\\{closure}('C:\\\\xampp\\\\htdocs...')
#4 C:\\xampp\\htdocs\\Laravel\\Trazabilidad\\vendor\\laravel\\framework\\src\\Illuminate\\Foundation\\Application.php(1008): Composer\\Autoload\\ClassLoader->loadClass('Laravel\\\\Breeze\\\\...')
#5 C:\\xampp\\htdocs\\Laravel\\Trazabilidad\\vendor\\laravel\\framework\\src\\Illuminate\\Foundation\\Application.php(988): Illuminate\\Foundation\\Application->registerDeferredProvider('Laravel\\\\Breeze\\\\...', 'Laravel\\\\Breeze\\\\...')
#6 C:\\xampp\\htdocs\\Laravel\\Trazabilidad\\vendor\\laravel\\framework\\src\\Illuminate\\Foundation\\Application.php(964): Illuminate\\Foundation\\Application->loadDeferredProvider('Laravel\\\\Breeze\\\\...')
#7 C:\\xampp\\htdocs\\Laravel\\Trazabilidad\\vendor\\laravel\\framework\\src\\Illuminate\\Foundation\\Console\\Kernel.php(477): Illuminate\\Foundation\\Application->loadDeferredProviders()
#8 C:\\xampp\\htdocs\\Laravel\\Trazabilidad\\vendor\\laravel\\framework\\src\\Illuminate\\Foundation\\Console\\Kernel.php(196): Illuminate\\Foundation\\Console\\Kernel->bootstrap()
#9 Command line code(1): Illuminate\\Foundation\\Console\\Kernel->handle(Object(Symfony\\Component\\Console\\Input\\ArgvInput), Object(Symfony\\Component\\Console\\Output\\ConsoleOutput))
#10 {main}
"} 
[2025-10-25 01:00:43] production.ERROR: include(C:\xampp\htdocs\Laravel\Trazabilidad\vendor\composer/../laravel/breeze/src/BreezeServiceProvider.php): Failed to open stream: No such file or directory {"exception":"[object] (ErrorException(code: 0): include(C:\\xampp\\htdocs\\Laravel\\Trazabilidad\\vendor\\composer/../laravel/breeze/src/BreezeServiceProvider.php): Failed to open stream: No such file or directory at C:\\xampp\\htdocs\\Laravel\\Trazabilidad\\vendor\\composer\\ClassLoader.php:576)
[stacktrace]
#0 C:\\xampp\\htdocs\\Laravel\\Trazabilidad\\vendor\\laravel\\framework\\src\\Illuminate\\Foundation\\Bootstrap\\HandleExceptions.php(290): Illuminate\\Foundation\\Bootstrap\\HandleExceptions->handleError(2, 'include(C:\\\\xamp...', 'C:\\\\xampp\\\\htdocs...', 576)
#1 C:\\xampp\\htdocs\\Laravel\\Trazabilidad\\vendor\\composer\\ClassLoader.php(576): Illuminate\\Foundation\\Bootstrap\\HandleExceptions->Illuminate\\Foundation\\Bootstrap\\{closure}(2, 'include(C:\\\\xamp...', 'C:\\\\xampp\\\\htdocs...', 576)
#2 C:\\xampp\\htdocs\\Laravel\\Trazabilidad\\vendor\\composer\\ClassLoader.php(576): include('C:\\\\xampp\\\\htdocs...')
#3 C:\\xampp\\htdocs\\Laravel\\Trazabilidad\\vendor\\composer\\ClassLoader.php(427): Composer\\Autoload\\{closure}('C:\\\\xampp\\\\htdocs...')
#4 C:\\xampp\\htdocs\\Laravel\\Trazabilidad\\vendor\\laravel\\framework\\src\\Illuminate\\Foundation\\Application.php(1008): Composer\\Autoload\\ClassLoader->loadClass('Laravel\\\\Breeze\\\\...')
#5 C:\\xampp\\htdocs\\Laravel\\Trazabilidad\\vendor\\laravel\\framework\\src\\Illuminate\\Foundation\\Application.php(988): Illuminate\\Foundation\\Application->registerDeferredProvider('Laravel\\\\Breeze\\\\...', 'Laravel\\\\Breeze\\\\...')
#6 C:\\xampp\\htdocs\\Laravel\\Trazabilidad\\vendor\\laravel\\framework\\src\\Illuminate\\Foundation\\Application.php(964): Illuminate\\Foundation\\Application->loadDeferredProvider('Laravel\\\\Breeze\\\\...')
#7 C:\\xampp\\htdocs\\Laravel\\Trazabilidad\\vendor\\laravel\\framework\\src\\Illuminate\\Foundation\\Console\\Kernel.php(477): Illuminate\\Foundation\\Application->loadDeferredProviders()
#8 C:\\xampp\\htdocs\\Laravel\\Trazabilidad\\vendor\\laravel\\framework\\src\\Illuminate\\Foundation\\Console\\Kernel.php(196): Illuminate\\Foundation\\Console\\Kernel->bootstrap()
#9 Command line code(1): Illuminate\\Foundation\\Console\\Kernel->handle(Object(Symfony\\Component\\Console\\Input\\ArgvInput), Object(Symfony\\Component\\Console\\Output\\ConsoleOutput))
#10 {main}
"} 
[2025-10-25 01:00:45] production.ERROR: include(C:\xampp\htdocs\Laravel\Trazabilidad\vendor\composer/../laravel/breeze/src/BreezeServiceProvider.php): Failed to open stream: No such file or directory {"exception":"[object] (ErrorException(code: 0): include(C:\\xampp\\htdocs\\Laravel\\Trazabilidad\\vendor\\composer/../laravel/breeze/src/BreezeServiceProvider.php): Failed to open stream: No such file or directory at C:\\xampp\\htdocs\\Laravel\\Trazabilidad\\vendor\\composer\\ClassLoader.php:576)
[stacktrace]
#0 C:\\xampp\\htdocs\\Laravel\\Trazabilidad\\vendor\\laravel\\framework\\src\\Illuminate\\Foundation\\Bootstrap\\HandleExceptions.php(290): Illuminate\\Foundation\\Bootstrap\\HandleExceptions->handleError(2, 'include(C:\\\\xamp...', 'C:\\\\xampp\\\\htdocs...', 576)
#1 C:\\xampp\\htdocs\\Laravel\\Trazabilidad\\vendor\\composer\\ClassLoader.php(576): Illuminate\\Foundation\\Bootstrap\\HandleExceptions->Illuminate\\Foundation\\Bootstrap\\{closure}(2, 'include(C:\\\\xamp...', 'C:\\\\xampp\\\\htdocs...', 576)
#2 C:\\xampp\\htdocs\\Laravel\\Trazabilidad\\vendor\\composer\\ClassLoader.php(576): include('C:\\\\xampp\\\\htdocs...')
#3 C:\\xampp\\htdocs\\Laravel\\Trazabilidad\\vendor\\composer\\ClassLoader.php(427): Composer\\Autoload\\{closure}('C:\\\\xampp\\\\htdocs...')
#4 C:\\xampp\\htdocs\\Laravel\\Trazabilidad\\vendor\\laravel\\framework\\src\\Illuminate\\Foundation\\Application.php(1008): Composer\\Autoload\\ClassLoader->loadClass('Laravel\\\\Breeze\\\\...')
#5 C:\\xampp\\htdocs\\Laravel\\Trazabilidad\\vendor\\laravel\\framework\\src\\Illuminate\\Foundation\\Application.php(988): Illuminate\\Foundation\\Application->registerDeferredProvider('Laravel\\\\Breeze\\\\...', 'Laravel\\\\Breeze\\\\...')
#6 C:\\xampp\\htdocs\\Laravel\\Trazabilidad\\vendor\\laravel\\framework\\src\\Illuminate\\Foundation\\Application.php(964): Illuminate\\Foundation\\Application->loadDeferredProvider('Laravel\\\\Breeze\\\\...')
#7 C:\\xampp\\htdocs\\Laravel\\Trazabilidad\\vendor\\laravel\\framework\\src\\Illuminate\\Foundation\\Console\\Kernel.php(477): Illuminate\\Foundation\\Application->loadDeferredProviders()
#8 C:\\xampp\\htdocs\\Laravel\\Trazabilidad\\vendor\\laravel\\framework\\src\\Illuminate\\Foundation\\Console\\Kernel.php(196): Illuminate\\Foundation\\Console\\Kernel->bootstrap()
#9 Command line code(1): Illuminate\\Foundation\\Console\\Kernel->handle(Object(Symfony\\Component\\Console\\Input\\ArgvInput), Object(Symfony\\Component\\Console\\Output\\ConsoleOutput))
#10 {main}
"} 
[2025-10-25 01:00:46] production.ERROR: include(C:\xampp\htdocs\Laravel\Trazabilidad\vendor\composer/../laravel/breeze/src/BreezeServiceProvider.php): Failed to open stream: No such file or directory {"exception":"[object] (ErrorException(code: 0): include(C:\\xampp\\htdocs\\Laravel\\Trazabilidad\\vendor\\composer/../laravel/breeze/src/BreezeServiceProvider.php): Failed to open stream: No such file or directory at C:\\xampp\\htdocs\\Laravel\\Trazabilidad\\vendor\\composer\\ClassLoader.php:576)
[stacktrace]
#0 C:\\xampp\\htdocs\\Laravel\\Trazabilidad\\vendor\\laravel\\framework\\src\\Illuminate\\Foundation\\Bootstrap\\HandleExceptions.php(290): Illuminate\\Foundation\\Bootstrap\\HandleExceptions->handleError(2, 'include(C:\\\\xamp...', 'C:\\\\xampp\\\\htdocs...', 576)
#1 C:\\xampp\\htdocs\\Laravel\\Trazabilidad\\vendor\\composer\\ClassLoader.php(576): Illuminate\\Foundation\\Bootstrap\\HandleExceptions->Illuminate\\Foundation\\Bootstrap\\{closure}(2, 'include(C:\\\\xamp...', 'C:\\\\xampp\\\\htdocs...', 576)
#2 C:\\xampp\\htdocs\\Laravel\\Trazabilidad\\vendor\\composer\\ClassLoader.php(576): include('C:\\\\xampp\\\\htdocs...')
#3 C:\\xampp\\htdocs\\Laravel\\Trazabilidad\\vendor\\composer\\ClassLoader.php(427): Composer\\Autoload\\{closure}('C:\\\\xampp\\\\htdocs...')
#4 C:\\xampp\\htdocs\\Laravel\\Trazabilidad\\vendor\\laravel\\framework\\src\\Illuminate\\Foundation\\Application.php(1008): Composer\\Autoload\\ClassLoader->loadClass('Laravel\\\\Breeze\\\\...')
#5 C:\\xampp\\htdocs\\Laravel\\Trazabilidad\\vendor\\laravel\\framework\\src\\Illuminate\\Foundation\\Application.php(988): Illuminate\\Foundation\\Application->registerDeferredProvider('Laravel\\\\Breeze\\\\...', 'Laravel\\\\Breeze\\\\...')
#6 C:\\xampp\\htdocs\\Laravel\\Trazabilidad\\vendor\\laravel\\framework\\src\\Illuminate\\Foundation\\Application.php(964): Illuminate\\Foundation\\Application->loadDeferredProvider('Laravel\\\\Breeze\\\\...')
#7 C:\\xampp\\htdocs\\Laravel\\Trazabilidad\\vendor\\laravel\\framework\\src\\Illuminate\\Foundation\\Console\\Kernel.php(477): Illuminate\\Foundation\\Application->loadDeferredProviders()
#8 C:\\xampp\\htdocs\\Laravel\\Trazabilidad\\vendor\\laravel\\framework\\src\\Illuminate\\Foundation\\Console\\Kernel.php(196): Illuminate\\Foundation\\Console\\Kernel->bootstrap()
#9 Command line code(1): Illuminate\\Foundation\\Console\\Kernel->handle(Object(Symfony\\Component\\Console\\Input\\ArgvInput), Object(Symfony\\Component\\Console\\Output\\ConsoleOutput))
#10 {main}
"} 
[2025-10-25 01:00:47] production.ERROR: include(C:\xampp\htdocs\Laravel\Trazabilidad\vendor\composer/../laravel/breeze/src/BreezeServiceProvider.php): Failed to open stream: No such file or directory {"exception":"[object] (ErrorException(code: 0): include(C:\\xampp\\htdocs\\Laravel\\Trazabilidad\\vendor\\composer/../laravel/breeze/src/BreezeServiceProvider.php): Failed to open stream: No such file or directory at C:\\xampp\\htdocs\\Laravel\\Trazabilidad\\vendor\\composer\\ClassLoader.php:576)
[stacktrace]
#0 C:\\xampp\\htdocs\\Laravel\\Trazabilidad\\vendor\\laravel\\framework\\src\\Illuminate\\Foundation\\Bootstrap\\HandleExceptions.php(290): Illuminate\\Foundation\\Bootstrap\\HandleExceptions->handleError(2, 'include(C:\\\\xamp...', 'C:\\\\xampp\\\\htdocs...', 576)
#1 C:\\xampp\\htdocs\\Laravel\\Trazabilidad\\vendor\\composer\\ClassLoader.php(576): Illuminate\\Foundation\\Bootstrap\\HandleExceptions->Illuminate\\Foundation\\Bootstrap\\{closure}(2, 'include(C:\\\\xamp...', 'C:\\\\xampp\\\\htdocs...', 576)
#2 C:\\xampp\\htdocs\\Laravel\\Trazabilidad\\vendor\\composer\\ClassLoader.php(576): include('C:\\\\xampp\\\\htdocs...')
#3 C:\\xampp\\htdocs\\Laravel\\Trazabilidad\\vendor\\composer\\ClassLoader.php(427): Composer\\Autoload\\{closure}('C:\\\\xampp\\\\htdocs...')
#4 C:\\xampp\\htdocs\\Laravel\\Trazabilidad\\vendor\\laravel\\framework\\src\\Illuminate\\Foundation\\Application.php(1008): Composer\\Autoload\\ClassLoader->loadClass('Laravel\\\\Breeze\\\\...')
#5 C:\\xampp\\htdocs\\Laravel\\Trazabilidad\\vendor\\laravel\\framework\\src\\Illuminate\\Foundation\\Application.php(988): Illuminate\\Foundation\\Application->registerDeferredProvider('Laravel\\\\Breeze\\\\...', 'Laravel\\\\Breeze\\\\...')
#6 C:\\xampp\\htdocs\\Laravel\\Trazabilidad\\vendor\\laravel\\framework\\src\\Illuminate\\Foundation\\Application.php(964): Illuminate\\Foundation\\Application->loadDeferredProvider('Laravel\\\\Breeze\\\\...')
#7 C:\\xampp\\htdocs\\Laravel\\Trazabilidad\\vendor\\laravel\\framework\\src\\Illuminate\\Foundation\\Console\\Kernel.php(477): Illuminate\\Foundation\\Application->loadDeferredProviders()
#8 C:\\xampp\\htdocs\\Laravel\\Trazabilidad\\vendor\\laravel\\framework\\src\\Illuminate\\Foundation\\Console\\Kernel.php(196): Illuminate\\Foundation\\Console\\Kernel->bootstrap()
#9 Command line code(1): Illuminate\\Foundation\\Console\\Kernel->handle(Object(Symfony\\Component\\Console\\Input\\ArgvInput), Object(Symfony\\Component\\Console\\Output\\ConsoleOutput))
#10 {main}
"} 
[2025-10-25 01:00:48] production.ERROR: include(C:\xampp\htdocs\Laravel\Trazabilidad\vendor\composer/../laravel/breeze/src/BreezeServiceProvider.php): Failed to open stream: No such file or directory {"exception":"[object] (ErrorException(code: 0): include(C:\\xampp\\htdocs\\Laravel\\Trazabilidad\\vendor\\composer/../laravel/breeze/src/BreezeServiceProvider.php): Failed to open stream: No such file or directory at C:\\xampp\\htdocs\\Laravel\\Trazabilidad\\vendor\\composer\\ClassLoader.php:576)
[stacktrace]
#0 C:\\xampp\\htdocs\\Laravel\\Trazabilidad\\vendor\\laravel\\framework\\src\\Illuminate\\Foundation\\Bootstrap\\HandleExceptions.php(290): Illuminate\\Foundation\\Bootstrap\\HandleExceptions->handleError(2, 'include(C:\\\\xamp...', 'C:\\\\xampp\\\\htdocs...', 576)
#1 C:\\xampp\\htdocs\\Laravel\\Trazabilidad\\vendor\\composer\\ClassLoader.php(576): Illuminate\\Foundation\\Bootstrap\\HandleExceptions->Illuminate\\Foundation\\Bootstrap\\{closure}(2, 'include(C:\\\\xamp...', 'C:\\\\xampp\\\\htdocs...', 576)
#2 C:\\xampp\\htdocs\\Laravel\\Trazabilidad\\vendor\\composer\\ClassLoader.php(576): include('C:\\\\xampp\\\\htdocs...')
#3 C:\\xampp\\htdocs\\Laravel\\Trazabilidad\\vendor\\composer\\ClassLoader.php(427): Composer\\Autoload\\{closure}('C:\\\\xampp\\\\htdocs...')
#4 C:\\xampp\\htdocs\\Laravel\\Trazabilidad\\vendor\\laravel\\framework\\src\\Illuminate\\Foundation\\Application.php(1008): Composer\\Autoload\\ClassLoader->loadClass('Laravel\\\\Breeze\\\\...')
#5 C:\\xampp\\htdocs\\Laravel\\Trazabilidad\\vendor\\laravel\\framework\\src\\Illuminate\\Foundation\\Application.php(988): Illuminate\\Foundation\\Application->registerDeferredProvider('Laravel\\\\Breeze\\\\...', 'Laravel\\\\Breeze\\\\...')
#6 C:\\xampp\\htdocs\\Laravel\\Trazabilidad\\vendor\\laravel\\framework\\src\\Illuminate\\Foundation\\Application.php(964): Illuminate\\Foundation\\Application->loadDeferredProvider('Laravel\\\\Breeze\\\\...')
#7 C:\\xampp\\htdocs\\Laravel\\Trazabilidad\\vendor\\laravel\\framework\\src\\Illuminate\\Foundation\\Console\\Kernel.php(477): Illuminate\\Foundation\\Application->loadDeferredProviders()
#8 C:\\xampp\\htdocs\\Laravel\\Trazabilidad\\vendor\\laravel\\framework\\src\\Illuminate\\Foundation\\Console\\Kernel.php(196): Illuminate\\Foundation\\Console\\Kernel->bootstrap()
#9 Command line code(1): Illuminate\\Foundation\\Console\\Kernel->handle(Object(Symfony\\Component\\Console\\Input\\ArgvInput), Object(Symfony\\Component\\Console\\Output\\ConsoleOutput))
#10 {main}
"} 
[2025-10-25 01:00:50] production.ERROR: include(C:\xampp\htdocs\Laravel\Trazabilidad\vendor\composer/../laravel/breeze/src/BreezeServiceProvider.php): Failed to open stream: No such file or directory {"exception":"[object] (ErrorException(code: 0): include(C:\\xampp\\htdocs\\Laravel\\Trazabilidad\\vendor\\composer/../laravel/breeze/src/BreezeServiceProvider.php): Failed to open stream: No such file or directory at C:\\xampp\\htdocs\\Laravel\\Trazabilidad\\vendor\\composer\\ClassLoader.php:576)
[stacktrace]
#0 C:\\xampp\\htdocs\\Laravel\\Trazabilidad\\vendor\\laravel\\framework\\src\\Illuminate\\Foundation\\Bootstrap\\HandleExceptions.php(290): Illuminate\\Foundation\\Bootstrap\\HandleExceptions->handleError(2, 'include(C:\\\\xamp...', 'C:\\\\xampp\\\\htdocs...', 576)
#1 C:\\xampp\\htdocs\\Laravel\\Trazabilidad\\vendor\\composer\\ClassLoader.php(576): Illuminate\\Foundation\\Bootstrap\\HandleExceptions->Illuminate\\Foundation\\Bootstrap\\{closure}(2, 'include(C:\\\\xamp...', 'C:\\\\xampp\\\\htdocs...', 576)
#2 C:\\xampp\\htdocs\\Laravel\\Trazabilidad\\vendor\\composer\\ClassLoader.php(576): include('C:\\\\xampp\\\\htdocs...')
#3 C:\\xampp\\htdocs\\Laravel\\Trazabilidad\\vendor\\composer\\ClassLoader.php(427): Composer\\Autoload\\{closure}('C:\\\\xampp\\\\htdocs...')
#4 C:\\xampp\\htdocs\\Laravel\\Trazabilidad\\vendor\\laravel\\framework\\src\\Illuminate\\Foundation\\Application.php(1008): Composer\\Autoload\\ClassLoader->loadClass('Laravel\\\\Breeze\\\\...')
#5 C:\\xampp\\htdocs\\Laravel\\Trazabilidad\\vendor\\laravel\\framework\\src\\Illuminate\\Foundation\\Application.php(988): Illuminate\\Foundation\\Application->registerDeferredProvider('Laravel\\\\Breeze\\\\...', 'Laravel\\\\Breeze\\\\...')
#6 C:\\xampp\\htdocs\\Laravel\\Trazabilidad\\vendor\\laravel\\framework\\src\\Illuminate\\Foundation\\Application.php(964): Illuminate\\Foundation\\Application->loadDeferredProvider('Laravel\\\\Breeze\\\\...')
#7 C:\\xampp\\htdocs\\Laravel\\Trazabilidad\\vendor\\laravel\\framework\\src\\Illuminate\\Foundation\\Console\\Kernel.php(477): Illuminate\\Foundation\\Application->loadDeferredProviders()
#8 C:\\xampp\\htdocs\\Laravel\\Trazabilidad\\vendor\\laravel\\framework\\src\\Illuminate\\Foundation\\Console\\Kernel.php(196): Illuminate\\Foundation\\Console\\Kernel->bootstrap()
#9 Command line code(1): Illuminate\\Foundation\\Console\\Kernel->handle(Object(Symfony\\Component\\Console\\Input\\ArgvInput), Object(Symfony\\Component\\Console\\Output\\ConsoleOutput))
#10 {main}
"} 
[2025-10-25 01:00:51] production.ERROR: include(C:\xampp\htdocs\Laravel\Trazabilidad\vendor\composer/../laravel/breeze/src/BreezeServiceProvider.php): Failed to open stream: No such file or directory {"exception":"[object] (ErrorException(code: 0): include(C:\\xampp\\htdocs\\Laravel\\Trazabilidad\\vendor\\composer/../laravel/breeze/src/BreezeServiceProvider.php): Failed to open stream: No such file or directory at C:\\xampp\\htdocs\\Laravel\\Trazabilidad\\vendor\\composer\\ClassLoader.php:576)
[stacktrace]
#0 C:\\xampp\\htdocs\\Laravel\\Trazabilidad\\vendor\\laravel\\framework\\src\\Illuminate\\Foundation\\Bootstrap\\HandleExceptions.php(290): Illuminate\\Foundation\\Bootstrap\\HandleExceptions->handleError(2, 'include(C:\\\\xamp...', 'C:\\\\xampp\\\\htdocs...', 576)
#1 C:\\xampp\\htdocs\\Laravel\\Trazabilidad\\vendor\\composer\\ClassLoader.php(576): Illuminate\\Foundation\\Bootstrap\\HandleExceptions->Illuminate\\Foundation\\Bootstrap\\{closure}(2, 'include(C:\\\\xamp...', 'C:\\\\xampp\\\\htdocs...', 576)
#2 C:\\xampp\\htdocs\\Laravel\\Trazabilidad\\vendor\\composer\\ClassLoader.php(576): include('C:\\\\xampp\\\\htdocs...')
#3 C:\\xampp\\htdocs\\Laravel\\Trazabilidad\\vendor\\composer\\ClassLoader.php(427): Composer\\Autoload\\{closure}('C:\\\\xampp\\\\htdocs...')
#4 C:\\xampp\\htdocs\\Laravel\\Trazabilidad\\vendor\\laravel\\framework\\src\\Illuminate\\Foundation\\Application.php(1008): Composer\\Autoload\\ClassLoader->loadClass('Laravel\\\\Breeze\\\\...')
#5 C:\\xampp\\htdocs\\Laravel\\Trazabilidad\\vendor\\laravel\\framework\\src\\Illuminate\\Foundation\\Application.php(988): Illuminate\\Foundation\\Application->registerDeferredProvider('Laravel\\\\Breeze\\\\...', 'Laravel\\\\Breeze\\\\...')
#6 C:\\xampp\\htdocs\\Laravel\\Trazabilidad\\vendor\\laravel\\framework\\src\\Illuminate\\Foundation\\Application.php(964): Illuminate\\Foundation\\Application->loadDeferredProvider('Laravel\\\\Breeze\\\\...')
#7 C:\\xampp\\htdocs\\Laravel\\Trazabilidad\\vendor\\laravel\\framework\\src\\Illuminate\\Foundation\\Console\\Kernel.php(477): Illuminate\\Foundation\\Application->loadDeferredProviders()
#8 C:\\xampp\\htdocs\\Laravel\\Trazabilidad\\vendor\\laravel\\framework\\src\\Illuminate\\Foundation\\Console\\Kernel.php(196): Illuminate\\Foundation\\Console\\Kernel->bootstrap()
#9 Command line code(1): Illuminate\\Foundation\\Console\\Kernel->handle(Object(Symfony\\Component\\Console\\Input\\ArgvInput), Object(Symfony\\Component\\Console\\Output\\ConsoleOutput))
#10 {main}
"} 
[2025-10-25 01:00:52] production.ERROR: include(C:\xampp\htdocs\Laravel\Trazabilidad\vendor\composer/../laravel/breeze/src/BreezeServiceProvider.php): Failed to open stream: No such file or directory {"exception":"[object] (ErrorException(code: 0): include(C:\\xampp\\htdocs\\Laravel\\Trazabilidad\\vendor\\composer/../laravel/breeze/src/BreezeServiceProvider.php): Failed to open stream: No such file or directory at C:\\xampp\\htdocs\\Laravel\\Trazabilidad\\vendor\\composer\\ClassLoader.php:576)
[stacktrace]
#0 C:\\xampp\\htdocs\\Laravel\\Trazabilidad\\vendor\\laravel\\framework\\src\\Illuminate\\Foundation\\Bootstrap\\HandleExceptions.php(290): Illuminate\\Foundation\\Bootstrap\\HandleExceptions->handleError(2, 'include(C:\\\\xamp...', 'C:\\\\xampp\\\\htdocs...', 576)
#1 C:\\xampp\\htdocs\\Laravel\\Trazabilidad\\vendor\\composer\\ClassLoader.php(576): Illuminate\\Foundation\\Bootstrap\\HandleExceptions->Illuminate\\Foundation\\Bootstrap\\{closure}(2, 'include(C:\\\\xamp...', 'C:\\\\xampp\\\\htdocs...', 576)
#2 C:\\xampp\\htdocs\\Laravel\\Trazabilidad\\vendor\\composer\\ClassLoader.php(576): include('C:\\\\xampp\\\\htdocs...')
#3 C:\\xampp\\htdocs\\Laravel\\Trazabilidad\\vendor\\composer\\ClassLoader.php(427): Composer\\Autoload\\{closure}('C:\\\\xampp\\\\htdocs...')
#4 C:\\xampp\\htdocs\\Laravel\\Trazabilidad\\vendor\\laravel\\framework\\src\\Illuminate\\Foundation\\Application.php(1008): Composer\\Autoload\\ClassLoader->loadClass('Laravel\\\\Breeze\\\\...')
#5 C:\\xampp\\htdocs\\Laravel\\Trazabilidad\\vendor\\laravel\\framework\\src\\Illuminate\\Foundation\\Application.php(988): Illuminate\\Foundation\\Application->registerDeferredProvider('Laravel\\\\Breeze\\\\...', 'Laravel\\\\Breeze\\\\...')
#6 C:\\xampp\\htdocs\\Laravel\\Trazabilidad\\vendor\\laravel\\framework\\src\\Illuminate\\Foundation\\Application.php(964): Illuminate\\Foundation\\Application->loadDeferredProvider('Laravel\\\\Breeze\\\\...')
#7 C:\\xampp\\htdocs\\Laravel\\Trazabilidad\\vendor\\laravel\\framework\\src\\Illuminate\\Foundation\\Console\\Kernel.php(477): Illuminate\\Foundation\\Application->loadDeferredProviders()
#8 C:\\xampp\\htdocs\\Laravel\\Trazabilidad\\vendor\\laravel\\framework\\src\\Illuminate\\Foundation\\Console\\Kernel.php(196): Illuminate\\Foundation\\Console\\Kernel->bootstrap()
#9 Command line code(1): Illuminate\\Foundation\\Console\\Kernel->handle(Object(Symfony\\Component\\Console\\Input\\ArgvInput), Object(Symfony\\Component\\Console\\Output\\ConsoleOutput))
#10 {main}
"} 
[2025-10-25 01:00:53] production.ERROR: include(C:\xampp\htdocs\Laravel\Trazabilidad\vendor\composer/../laravel/breeze/src/BreezeServiceProvider.php): Failed to open stream: No such file or directory {"exception":"[object] (ErrorException(code: 0): include(C:\\xampp\\htdocs\\Laravel\\Trazabilidad\\vendor\\composer/../laravel/breeze/src/BreezeServiceProvider.php): Failed to open stream: No such file or directory at C:\\xampp\\htdocs\\Laravel\\Trazabilidad\\vendor\\composer\\ClassLoader.php:576)
[stacktrace]
#0 C:\\xampp\\htdocs\\Laravel\\Trazabilidad\\vendor\\laravel\\framework\\src\\Illuminate\\Foundation\\Bootstrap\\HandleExceptions.php(290): Illuminate\\Foundation\\Bootstrap\\HandleExceptions->handleError(2, 'include(C:\\\\xamp...', 'C:\\\\xampp\\\\htdocs...', 576)
#1 C:\\xampp\\htdocs\\Laravel\\Trazabilidad\\vendor\\composer\\ClassLoader.php(576): Illuminate\\Foundation\\Bootstrap\\HandleExceptions->Illuminate\\Foundation\\Bootstrap\\{closure}(2, 'include(C:\\\\xamp...', 'C:\\\\xampp\\\\htdocs...', 576)
#2 C:\\xampp\\htdocs\\Laravel\\Trazabilidad\\vendor\\composer\\ClassLoader.php(576): include('C:\\\\xampp\\\\htdocs...')
#3 C:\\xampp\\htdocs\\Laravel\\Trazabilidad\\vendor\\composer\\ClassLoader.php(427): Composer\\Autoload\\{closure}('C:\\\\xampp\\\\htdocs...')
#4 C:\\xampp\\htdocs\\Laravel\\Trazabilidad\\vendor\\laravel\\framework\\src\\Illuminate\\Foundation\\Application.php(1008): Composer\\Autoload\\ClassLoader->loadClass('Laravel\\\\Breeze\\\\...')
#5 C:\\xampp\\htdocs\\Laravel\\Trazabilidad\\vendor\\laravel\\framework\\src\\Illuminate\\Foundation\\Application.php(988): Illuminate\\Foundation\\Application->registerDeferredProvider('Laravel\\\\Breeze\\\\...', 'Laravel\\\\Breeze\\\\...')
#6 C:\\xampp\\htdocs\\Laravel\\Trazabilidad\\vendor\\laravel\\framework\\src\\Illuminate\\Foundation\\Application.php(964): Illuminate\\Foundation\\Application->loadDeferredProvider('Laravel\\\\Breeze\\\\...')
#7 C:\\xampp\\htdocs\\Laravel\\Trazabilidad\\vendor\\laravel\\framework\\src\\Illuminate\\Foundation\\Console\\Kernel.php(477): Illuminate\\Foundation\\Application->loadDeferredProviders()
#8 C:\\xampp\\htdocs\\Laravel\\Trazabilidad\\vendor\\laravel\\framework\\src\\Illuminate\\Foundation\\Console\\Kernel.php(196): Illuminate\\Foundation\\Console\\Kernel->bootstrap()
#9 Command line code(1): Illuminate\\Foundation\\Console\\Kernel->handle(Object(Symfony\\Component\\Console\\Input\\ArgvInput), Object(Symfony\\Component\\Console\\Output\\ConsoleOutput))
#10 {main}
"} 
[2025-10-25 01:00:55] production.ERROR: include(C:\xampp\htdocs\Laravel\Trazabilidad\vendor\composer/../laravel/breeze/src/BreezeServiceProvider.php): Failed to open stream: No such file or directory {"exception":"[object] (ErrorException(code: 0): include(C:\\xampp\\htdocs\\Laravel\\Trazabilidad\\vendor\\composer/../laravel/breeze/src/BreezeServiceProvider.php): Failed to open stream: No such file or directory at C:\\xampp\\htdocs\\Laravel\\Trazabilidad\\vendor\\composer\\ClassLoader.php:576)
[stacktrace]
#0 C:\\xampp\\htdocs\\Laravel\\Trazabilidad\\vendor\\laravel\\framework\\src\\Illuminate\\Foundation\\Bootstrap\\HandleExceptions.php(290): Illuminate\\Foundation\\Bootstrap\\HandleExceptions->handleError(2, 'include(C:\\\\xamp...', 'C:\\\\xampp\\\\htdocs...', 576)
#1 C:\\xampp\\htdocs\\Laravel\\Trazabilidad\\vendor\\composer\\ClassLoader.php(576): Illuminate\\Foundation\\Bootstrap\\HandleExceptions->Illuminate\\Foundation\\Bootstrap\\{closure}(2, 'include(C:\\\\xamp...', 'C:\\\\xampp\\\\htdocs...', 576)
#2 C:\\xampp\\htdocs\\Laravel\\Trazabilidad\\vendor\\composer\\ClassLoader.php(576): include('C:\\\\xampp\\\\htdocs...')
#3 C:\\xampp\\htdocs\\Laravel\\Trazabilidad\\vendor\\composer\\ClassLoader.php(427): Composer\\Autoload\\{closure}('C:\\\\xampp\\\\htdocs...')
#4 C:\\xampp\\htdocs\\Laravel\\Trazabilidad\\vendor\\laravel\\framework\\src\\Illuminate\\Foundation\\Application.php(1008): Composer\\Autoload\\ClassLoader->loadClass('Laravel\\\\Breeze\\\\...')
#5 C:\\xampp\\htdocs\\Laravel\\Trazabilidad\\vendor\\laravel\\framework\\src\\Illuminate\\Foundation\\Application.php(988): Illuminate\\Foundation\\Application->registerDeferredProvider('Laravel\\\\Breeze\\\\...', 'Laravel\\\\Breeze\\\\...')
#6 C:\\xampp\\htdocs\\Laravel\\Trazabilidad\\vendor\\laravel\\framework\\src\\Illuminate\\Foundation\\Application.php(964): Illuminate\\Foundation\\Application->loadDeferredProvider('Laravel\\\\Breeze\\\\...')
#7 C:\\xampp\\htdocs\\Laravel\\Trazabilidad\\vendor\\laravel\\framework\\src\\Illuminate\\Foundation\\Console\\Kernel.php(477): Illuminate\\Foundation\\Application->loadDeferredProviders()
#8 C:\\xampp\\htdocs\\Laravel\\Trazabilidad\\vendor\\laravel\\framework\\src\\Illuminate\\Foundation\\Console\\Kernel.php(196): Illuminate\\Foundation\\Console\\Kernel->bootstrap()
#9 Command line code(1): Illuminate\\Foundation\\Console\\Kernel->handle(Object(Symfony\\Component\\Console\\Input\\ArgvInput), Object(Symfony\\Component\\Console\\Output\\ConsoleOutput))
#10 {main}
"} 
[2025-10-25 01:00:56] production.ERROR: include(C:\xampp\htdocs\Laravel\Trazabilidad\vendor\composer/../laravel/breeze/src/BreezeServiceProvider.php): Failed to open stream: No such file or directory {"exception":"[object] (ErrorException(code: 0): include(C:\\xampp\\htdocs\\Laravel\\Trazabilidad\\vendor\\composer/../laravel/breeze/src/BreezeServiceProvider.php): Failed to open stream: No such file or directory at C:\\xampp\\htdocs\\Laravel\\Trazabilidad\\vendor\\composer\\ClassLoader.php:576)
[stacktrace]
#0 C:\\xampp\\htdocs\\Laravel\\Trazabilidad\\vendor\\laravel\\framework\\src\\Illuminate\\Foundation\\Bootstrap\\HandleExceptions.php(290): Illuminate\\Foundation\\Bootstrap\\HandleExceptions->handleError(2, 'include(C:\\\\xamp...', 'C:\\\\xampp\\\\htdocs...', 576)
#1 C:\\xampp\\htdocs\\Laravel\\Trazabilidad\\vendor\\composer\\ClassLoader.php(576): Illuminate\\Foundation\\Bootstrap\\HandleExceptions->Illuminate\\Foundation\\Bootstrap\\{closure}(2, 'include(C:\\\\xamp...', 'C:\\\\xampp\\\\htdocs...', 576)
#2 C:\\xampp\\htdocs\\Laravel\\Trazabilidad\\vendor\\composer\\ClassLoader.php(576): include('C:\\\\xampp\\\\htdocs...')
#3 C:\\xampp\\htdocs\\Laravel\\Trazabilidad\\vendor\\composer\\ClassLoader.php(427): Composer\\Autoload\\{closure}('C:\\\\xampp\\\\htdocs...')
#4 C:\\xampp\\htdocs\\Laravel\\Trazabilidad\\vendor\\laravel\\framework\\src\\Illuminate\\Foundation\\Application.php(1008): Composer\\Autoload\\ClassLoader->loadClass('Laravel\\\\Breeze\\\\...')
#5 C:\\xampp\\htdocs\\Laravel\\Trazabilidad\\vendor\\laravel\\framework\\src\\Illuminate\\Foundation\\Application.php(988): Illuminate\\Foundation\\Application->registerDeferredProvider('Laravel\\\\Breeze\\\\...', 'Laravel\\\\Breeze\\\\...')
#6 C:\\xampp\\htdocs\\Laravel\\Trazabilidad\\vendor\\laravel\\framework\\src\\Illuminate\\Foundation\\Application.php(964): Illuminate\\Foundation\\Application->loadDeferredProvider('Laravel\\\\Breeze\\\\...')
#7 C:\\xampp\\htdocs\\Laravel\\Trazabilidad\\vendor\\laravel\\framework\\src\\Illuminate\\Foundation\\Console\\Kernel.php(477): Illuminate\\Foundation\\Application->loadDeferredProviders()
#8 C:\\xampp\\htdocs\\Laravel\\Trazabilidad\\vendor\\laravel\\framework\\src\\Illuminate\\Foundation\\Console\\Kernel.php(196): Illuminate\\Foundation\\Console\\Kernel->bootstrap()
#9 Command line code(1): Illuminate\\Foundation\\Console\\Kernel->handle(Object(Symfony\\Component\\Console\\Input\\ArgvInput), Object(Symfony\\Component\\Console\\Output\\ConsoleOutput))
#10 {main}
"} 
[2025-10-25 01:00:57] production.ERROR: include(C:\xampp\htdocs\Laravel\Trazabilidad\vendor\composer/../laravel/breeze/src/BreezeServiceProvider.php): Failed to open stream: No such file or directory {"exception":"[object] (ErrorException(code: 0): include(C:\\xampp\\htdocs\\Laravel\\Trazabilidad\\vendor\\composer/../laravel/breeze/src/BreezeServiceProvider.php): Failed to open stream: No such file or directory at C:\\xampp\\htdocs\\Laravel\\Trazabilidad\\vendor\\composer\\ClassLoader.php:576)
[stacktrace]
#0 C:\\xampp\\htdocs\\Laravel\\Trazabilidad\\vendor\\laravel\\framework\\src\\Illuminate\\Foundation\\Bootstrap\\HandleExceptions.php(290): Illuminate\\Foundation\\Bootstrap\\HandleExceptions->handleError(2, 'include(C:\\\\xamp...', 'C:\\\\xampp\\\\htdocs...', 576)
#1 C:\\xampp\\htdocs\\Laravel\\Trazabilidad\\vendor\\composer\\ClassLoader.php(576): Illuminate\\Foundation\\Bootstrap\\HandleExceptions->Illuminate\\Foundation\\Bootstrap\\{closure}(2, 'include(C:\\\\xamp...', 'C:\\\\xampp\\\\htdocs...', 576)
#2 C:\\xampp\\htdocs\\Laravel\\Trazabilidad\\vendor\\composer\\ClassLoader.php(576): include('C:\\\\xampp\\\\htdocs...')
#3 C:\\xampp\\htdocs\\Laravel\\Trazabilidad\\vendor\\composer\\ClassLoader.php(427): Composer\\Autoload\\{closure}('C:\\\\xampp\\\\htdocs...')
#4 C:\\xampp\\htdocs\\Laravel\\Trazabilidad\\vendor\\laravel\\framework\\src\\Illuminate\\Foundation\\Application.php(1008): Composer\\Autoload\\ClassLoader->loadClass('Laravel\\\\Breeze\\\\...')
#5 C:\\xampp\\htdocs\\Laravel\\Trazabilidad\\vendor\\laravel\\framework\\src\\Illuminate\\Foundation\\Application.php(988): Illuminate\\Foundation\\Application->registerDeferredProvider('Laravel\\\\Breeze\\\\...', 'Laravel\\\\Breeze\\\\...')
#6 C:\\xampp\\htdocs\\Laravel\\Trazabilidad\\vendor\\laravel\\framework\\src\\Illuminate\\Foundation\\Application.php(964): Illuminate\\Foundation\\Application->loadDeferredProvider('Laravel\\\\Breeze\\\\...')
#7 C:\\xampp\\htdocs\\Laravel\\Trazabilidad\\vendor\\laravel\\framework\\src\\Illuminate\\Foundation\\Console\\Kernel.php(477): Illuminate\\Foundation\\Application->loadDeferredProviders()
#8 C:\\xampp\\htdocs\\Laravel\\Trazabilidad\\vendor\\laravel\\framework\\src\\Illuminate\\Foundation\\Console\\Kernel.php(196): Illuminate\\Foundation\\Console\\Kernel->bootstrap()
#9 Command line code(1): Illuminate\\Foundation\\Console\\Kernel->handle(Object(Symfony\\Component\\Console\\Input\\ArgvInput), Object(Symfony\\Component\\Console\\Output\\ConsoleOutput))
#10 {main}
"} 
[2025-10-25 01:00:58] production.ERROR: include(C:\xampp\htdocs\Laravel\Trazabilidad\vendor\composer/../laravel/breeze/src/BreezeServiceProvider.php): Failed to open stream: No such file or directory {"exception":"[object] (ErrorException(code: 0): include(C:\\xampp\\htdocs\\Laravel\\Trazabilidad\\vendor\\composer/../laravel/breeze/src/BreezeServiceProvider.php): Failed to open stream: No such file or directory at C:\\xampp\\htdocs\\Laravel\\Trazabilidad\\vendor\\composer\\ClassLoader.php:576)
[stacktrace]
#0 C:\\xampp\\htdocs\\Laravel\\Trazabilidad\\vendor\\laravel\\framework\\src\\Illuminate\\Foundation\\Bootstrap\\HandleExceptions.php(290): Illuminate\\Foundation\\Bootstrap\\HandleExceptions->handleError(2, 'include(C:\\\\xamp...', 'C:\\\\xampp\\\\htdocs...', 576)
#1 C:\\xampp\\htdocs\\Laravel\\Trazabilidad\\vendor\\composer\\ClassLoader.php(576): Illuminate\\Foundation\\Bootstrap\\HandleExceptions->Illuminate\\Foundation\\Bootstrap\\{closure}(2, 'include(C:\\\\xamp...', 'C:\\\\xampp\\\\htdocs...', 576)
#2 C:\\xampp\\htdocs\\Laravel\\Trazabilidad\\vendor\\composer\\ClassLoader.php(576): include('C:\\\\xampp\\\\htdocs...')
#3 C:\\xampp\\htdocs\\Laravel\\Trazabilidad\\vendor\\composer\\ClassLoader.php(427): Composer\\Autoload\\{closure}('C:\\\\xampp\\\\htdocs...')
#4 C:\\xampp\\htdocs\\Laravel\\Trazabilidad\\vendor\\laravel\\framework\\src\\Illuminate\\Foundation\\Application.php(1008): Composer\\Autoload\\ClassLoader->loadClass('Laravel\\\\Breeze\\\\...')
#5 C:\\xampp\\htdocs\\Laravel\\Trazabilidad\\vendor\\laravel\\framework\\src\\Illuminate\\Foundation\\Application.php(988): Illuminate\\Foundation\\Application->registerDeferredProvider('Laravel\\\\Breeze\\\\...', 'Laravel\\\\Breeze\\\\...')
#6 C:\\xampp\\htdocs\\Laravel\\Trazabilidad\\vendor\\laravel\\framework\\src\\Illuminate\\Foundation\\Application.php(964): Illuminate\\Foundation\\Application->loadDeferredProvider('Laravel\\\\Breeze\\\\...')
#7 C:\\xampp\\htdocs\\Laravel\\Trazabilidad\\vendor\\laravel\\framework\\src\\Illuminate\\Foundation\\Console\\Kernel.php(477): Illuminate\\Foundation\\Application->loadDeferredProviders()
#8 C:\\xampp\\htdocs\\Laravel\\Trazabilidad\\vendor\\laravel\\framework\\src\\Illuminate\\Foundation\\Console\\Kernel.php(196): Illuminate\\Foundation\\Console\\Kernel->bootstrap()
#9 Command line code(1): Illuminate\\Foundation\\Console\\Kernel->handle(Object(Symfony\\Component\\Console\\Input\\ArgvInput), Object(Symfony\\Component\\Console\\Output\\ConsoleOutput))
#10 {main}
"} 
[2025-12-09 23:38:39] production.ERROR: No application encryption key has been specified. {"exception":"[object] (Illuminate\\Encryption\\MissingAppKeyException(code: 0): No application encryption key has been specified. at C:\\xampp\\htdocs\\Laravel\\Trazabilidad\\vendor\\laravel\\framework\\src\\Illuminate\\Encryption\\EncryptionServiceProvider.php:83)
[stacktrace]
#0 C:\\xampp\\htdocs\\Laravel\\Trazabilidad\\vendor\\laravel\\framework\\src\\Illuminate\\Support\\helpers.php(399): Illuminate\\Encryption\\EncryptionServiceProvider->Illuminate\\Encryption\\{closure}(NULL)
#1 C:\\xampp\\htdocs\\Laravel\\Trazabilidad\\vendor\\laravel\\framework\\src\\Illuminate\\Encryption\\EncryptionServiceProvider.php(81): tap(NULL, Object(Closure))
#2 C:\\xampp\\htdocs\\Laravel\\Trazabilidad\\vendor\\laravel\\framework\\src\\Illuminate\\Encryption\\EncryptionServiceProvider.php(64): Illuminate\\Encryption\\EncryptionServiceProvider->key(Array)
#3 C:\\xampp\\htdocs\\Laravel\\Trazabilidad\\vendor\\laravel\\framework\\src\\Illuminate\\Encryption\\EncryptionServiceProvider.php(32): Illuminate\\Encryption\\EncryptionServiceProvider->parseKey(Array)
#4 C:\\xampp\\htdocs\\Laravel\\Trazabilidad\\vendor\\laravel\\framework\\src\\Illuminate\\Container\\Container.php(952): Illuminate\\Encryption\\EncryptionServiceProvider->Illuminate\\Encryption\\{closure}(Object(Illuminate\\Foundation\\Application), Array)
#5 C:\\xampp\\htdocs\\Laravel\\Trazabilidad\\vendor\\laravel\\framework\\src\\Illuminate\\Container\\Container.php(832): Illuminate\\Container\\Container->build(Object(Closure))
#6 C:\\xampp\\htdocs\\Laravel\\Trazabilidad\\vendor\\laravel\\framework\\src\\Illuminate\\Foundation\\Application.php(1078): Illuminate\\Container\\Container->resolve('encrypter', Array, true)
#7 C:\\xampp\\htdocs\\Laravel\\Trazabilidad\\vendor\\laravel\\framework\\src\\Illuminate\\Container\\Container.php(763): Illuminate\\Foundation\\Application->resolve('encrypter', Array)
#8 C:\\xampp\\htdocs\\Laravel\\Trazabilidad\\vendor\\laravel\\framework\\src\\Illuminate\\Foundation\\Application.php(1058): Illuminate\\Container\\Container->make('encrypter', Array)
#9 C:\\xampp\\htdocs\\Laravel\\Trazabilidad\\vendor\\laravel\\framework\\src\\Illuminate\\Container\\Container.php(1133): Illuminate\\Foundation\\Application->make('encrypter')
#10 C:\\xampp\\htdocs\\Laravel\\Trazabilidad\\vendor\\laravel\\framework\\src\\Illuminate\\Container\\Container.php(1043): Illuminate\\Container\\Container->resolveClass(Object(ReflectionParameter))
#11 C:\\xampp\\htdocs\\Laravel\\Trazabilidad\\vendor\\laravel\\framework\\src\\Illuminate\\Container\\Container.php(994): Illuminate\\Container\\Container->resolveDependencies(Array)
#12 C:\\xampp\\htdocs\\Laravel\\Trazabilidad\\vendor\\laravel\\framework\\src\\Illuminate\\Container\\Container.php(832): Illuminate\\Container\\Container->build('Illuminate\\\\Cook...')
#13 C:\\xampp\\htdocs\\Laravel\\Trazabilidad\\vendor\\laravel\\framework\\src\\Illuminate\\Foundation\\Application.php(1078): Illuminate\\Container\\Container->resolve('Illuminate\\\\Cook...', Array, true)
#14 C:\\xampp\\htdocs\\Laravel\\Trazabilidad\\vendor\\laravel\\framework\\src\\Illuminate\\Container\\Container.php(763): Illuminate\\Foundation\\Application->resolve('Illuminate\\\\Cook...', Array)
#15 C:\\xampp\\htdocs\\Laravel\\Trazabilidad\\vendor\\laravel\\framework\\src\\Illuminate\\Foundation\\Application.php(1058): Illuminate\\Container\\Container->make('Illuminate\\\\Cook...', Array)
#16 C:\\xampp\\htdocs\\Laravel\\Trazabilidad\\vendor\\laravel\\framework\\src\\Illuminate\\Pipeline\\Pipeline.php(198): Illuminate\\Foundation\\Application->make('Illuminate\\\\Cook...')
#17 C:\\xampp\\htdocs\\Laravel\\Trazabilidad\\vendor\\laravel\\framework\\src\\Illuminate\\Pipeline\\Pipeline.php(127): Illuminate\\Pipeline\\Pipeline->Illuminate\\Pipeline\\{closure}(Object(Illuminate\\Http\\Request))
#18 C:\\xampp\\htdocs\\Laravel\\Trazabilidad\\vendor\\laravel\\framework\\src\\Illuminate\\Routing\\Router.php(807): Illuminate\\Pipeline\\Pipeline->then(Object(Closure))
#19 C:\\xampp\\htdocs\\Laravel\\Trazabilidad\\vendor\\laravel\\framework\\src\\Illuminate\\Routing\\Router.php(786): Illuminate\\Routing\\Router->runRouteWithinStack(Object(Illuminate\\Routing\\Route), Object(Illuminate\\Http\\Request))
#20 C:\\xampp\\htdocs\\Laravel\\Trazabilidad\\vendor\\laravel\\framework\\src\\Illuminate\\Routing\\Router.php(750): Illuminate\\Routing\\Router->runRoute(Object(Illuminate\\Http\\Request), Object(Illuminate\\Routing\\Route))
#21 C:\\xampp\\htdocs\\Laravel\\Trazabilidad\\vendor\\laravel\\framework\\src\\Illuminate\\Routing\\Router.php(739): Illuminate\\Routing\\Router->dispatchToRoute(Object(Illuminate\\Http\\Request))
#22 C:\\xampp\\htdocs\\Laravel\\Trazabilidad\\vendor\\laravel\\framework\\src\\Illuminate\\Foundation\\Http\\Kernel.php(201): Illuminate\\Routing\\Router->dispatch(Object(Illuminate\\Http\\Request))
#23 C:\\xampp\\htdocs\\Laravel\\Trazabilidad\\vendor\\laravel\\framework\\src\\Illuminate\\Pipeline\\Pipeline.php(170): Illuminate\\Foundation\\Http\\Kernel->Illuminate\\Foundation\\Http\\{closure}(Object(Illuminate\\Http\\Request))
#24 C:\\xampp\\htdocs\\Laravel\\Trazabilidad\\vendor\\livewire\\livewire\\src\\Features\\SupportDisablingBackButtonCache\\DisableBackButtonCacheMiddleware.php(19): Illuminate\\Pipeline\\Pipeline->Illuminate\\Pipeline\\{closure}(Object(Illuminate\\Http\\Request))
#25 C:\\xampp\\htdocs\\Laravel\\Trazabilidad\\vendor\\laravel\\framework\\src\\Illuminate\\Pipeline\\Pipeline.php(209): Livewire\\Features\\SupportDisablingBackButtonCache\\DisableBackButtonCacheMiddleware->handle(Object(Illuminate\\Http\\Request), Object(Closure))
#26 C:\\xampp\\htdocs\\Laravel\\Trazabilidad\\vendor\\laravel\\framework\\src\\Illuminate\\Foundation\\Http\\Middleware\\TransformsRequest.php(21): Illuminate\\Pipeline\\Pipeline->Illuminate\\Pipeline\\{closure}(Object(Illuminate\\Http\\Request))
#27 C:\\xampp\\htdocs\\Laravel\\Trazabilidad\\vendor\\laravel\\framework\\src\\Illuminate\\Foundation\\Http\\Middleware\\ConvertEmptyStringsToNull.php(31): Illuminate\\Foundation\\Http\\Middleware\\TransformsRequest->handle(Object(Illuminate\\Http\\Request), Object(Closure))
#28 C:\\xampp\\htdocs\\Laravel\\Trazabilidad\\vendor\\laravel\\framework\\src\\Illuminate\\Pipeline\\Pipeline.php(209): Illuminate\\Foundation\\Http\\Middleware\\ConvertEmptyStringsToNull->handle(Object(Illuminate\\Http\\Request), Object(Closure))
#29 C:\\xampp\\htdocs\\Laravel\\Trazabilidad\\vendor\\laravel\\framework\\src\\Illuminate\\Foundation\\Http\\Middleware\\TransformsRequest.php(21): Illuminate\\Pipeline\\Pipeline->Illuminate\\Pipeline\\{closure}(Object(Illuminate\\Http\\Request))
#30 C:\\xampp\\htdocs\\Laravel\\Trazabilidad\\vendor\\laravel\\framework\\src\\Illuminate\\Foundation\\Http\\Middleware\\TrimStrings.php(51): Illuminate\\Foundation\\Http\\Middleware\\TransformsRequest->handle(Object(Illuminate\\Http\\Request), Object(Closure))
#31 C:\\xampp\\htdocs\\Laravel\\Trazabilidad\\vendor\\laravel\\framework\\src\\Illuminate\\Pipeline\\Pipeline.php(209): Illuminate\\Foundation\\Http\\Middleware\\TrimStrings->handle(Object(Illuminate\\Http\\Request), Object(Closure))
#32 C:\\xampp\\htdocs\\Laravel\\Trazabilidad\\vendor\\laravel\\framework\\src\\Illuminate\\Http\\Middleware\\ValidatePostSize.php(27): Illuminate\\Pipeline\\Pipeline->Illuminate\\Pipeline\\{closure}(Object(Illuminate\\Http\\Request))
#33 C:\\xampp\\htdocs\\Laravel\\Trazabilidad\\vendor\\laravel\\framework\\src\\Illuminate\\Pipeline\\Pipeline.php(209): Illuminate\\Http\\Middleware\\ValidatePostSize->handle(Object(Illuminate\\Http\\Request), Object(Closure))
#34 C:\\xampp\\htdocs\\Laravel\\Trazabilidad\\vendor\\laravel\\framework\\src\\Illuminate\\Foundation\\Http\\Middleware\\PreventRequestsDuringMaintenance.php(110): Illuminate\\Pipeline\\Pipeline->Illuminate\\Pipeline\\{closure}(Object(Illuminate\\Http\\Request))
#35 C:\\xampp\\htdocs\\Laravel\\Trazabilidad\\vendor\\laravel\\framework\\src\\Illuminate\\Pipeline\\Pipeline.php(209): Illuminate\\Foundation\\Http\\Middleware\\PreventRequestsDuringMaintenance->handle(Object(Illuminate\\Http\\Request), Object(Closure))
#36 C:\\xampp\\htdocs\\Laravel\\Trazabilidad\\vendor\\laravel\\framework\\src\\Illuminate\\Http\\Middleware\\HandleCors.php(49): Illuminate\\Pipeline\\Pipeline->Illuminate\\Pipeline\\{closure}(Object(Illuminate\\Http\\Request))
#37 C:\\xampp\\htdocs\\Laravel\\Trazabilidad\\vendor\\laravel\\framework\\src\\Illuminate\\Pipeline\\Pipeline.php(209): Illuminate\\Http\\Middleware\\HandleCors->handle(Object(Illuminate\\Http\\Request), Object(Closure))
#38 C:\\xampp\\htdocs\\Laravel\\Trazabilidad\\vendor\\laravel\\framework\\src\\Illuminate\\Http\\Middleware\\TrustProxies.php(58): Illuminate\\Pipeline\\Pipeline->Illuminate\\Pipeline\\{closure}(Object(Illuminate\\Http\\Request))
#39 C:\\xampp\\htdocs\\Laravel\\Trazabilidad\\vendor\\laravel\\framework\\src\\Illuminate\\Pipeline\\Pipeline.php(209): Illuminate\\Http\\Middleware\\TrustProxies->handle(Object(Illuminate\\Http\\Request), Object(Closure))
#40 C:\\xampp\\htdocs\\Laravel\\Trazabilidad\\vendor\\laravel\\framework\\src\\Illuminate\\Foundation\\Http\\Middleware\\InvokeDeferredCallbacks.php(22): Illuminate\\Pipeline\\Pipeline->Illuminate\\Pipeline\\{closure}(Object(Illuminate\\Http\\Request))
#41 C:\\xampp\\htdocs\\Laravel\\Trazabilidad\\vendor\\laravel\\framework\\src\\Illuminate\\Pipeline\\Pipeline.php(209): Illuminate\\Foundation\\Http\\Middleware\\InvokeDeferredCallbacks->handle(Object(Illuminate\\Http\\Request), Object(Closure))
#42 C:\\xampp\\htdocs\\Laravel\\Trazabilidad\\vendor\\laravel\\framework\\src\\Illuminate\\Pipeline\\Pipeline.php(127): Illuminate\\Pipeline\\Pipeline->Illuminate\\Pipeline\\{closure}(Object(Illuminate\\Http\\Request))
#43 C:\\xampp\\htdocs\\Laravel\\Trazabilidad\\vendor\\laravel\\framework\\src\\Illuminate\\Foundation\\Http\\Kernel.php(176): Illuminate\\Pipeline\\Pipeline->then(Object(Closure))
#44 C:\\xampp\\htdocs\\Laravel\\Trazabilidad\\vendor\\laravel\\framework\\src\\Illuminate\\Foundation\\Http\\Kernel.php(145): Illuminate\\Foundation\\Http\\Kernel->sendRequestThroughRouter(Object(Illuminate\\Http\\Request))
#45 C:\\xampp\\htdocs\\Laravel\\Trazabilidad\\vendor\\laravel\\framework\\src\\Illuminate\\Foundation\\Application.php(1220): Illuminate\\Foundation\\Http\\Kernel->handle(Object(Illuminate\\Http\\Request))
#46 C:\\xampp\\htdocs\\Laravel\\Trazabilidad\\public\\index.php(16): Illuminate\\Foundation\\Application->handleRequest(Object(Illuminate\\Http\\Request))
#47 {main}
"} 
[2025-12-09 23:38:39] production.ERROR: No application encryption key has been specified. {"exception":"[object] (Illuminate\\Encryption\\MissingAppKeyException(code: 0): No application encryption key has been specified. at C:\\xampp\\htdocs\\Laravel\\Trazabilidad\\vendor\\laravel\\framework\\src\\Illuminate\\Encryption\\EncryptionServiceProvider.php:83)
[stacktrace]
#0 C:\\xampp\\htdocs\\Laravel\\Trazabilidad\\vendor\\laravel\\framework\\src\\Illuminate\\Support\\helpers.php(399): Illuminate\\Encryption\\EncryptionServiceProvider->Illuminate\\Encryption\\{closure}(NULL)
#1 C:\\xampp\\htdocs\\Laravel\\Trazabilidad\\vendor\\laravel\\framework\\src\\Illuminate\\Encryption\\EncryptionServiceProvider.php(81): tap(NULL, Object(Closure))
#2 C:\\xampp\\htdocs\\Laravel\\Trazabilidad\\vendor\\laravel\\framework\\src\\Illuminate\\Encryption\\EncryptionServiceProvider.php(64): Illuminate\\Encryption\\EncryptionServiceProvider->key(Array)
#3 C:\\xampp\\htdocs\\Laravel\\Trazabilidad\\vendor\\laravel\\framework\\src\\Illuminate\\Encryption\\EncryptionServiceProvider.php(32): Illuminate\\Encryption\\EncryptionServiceProvider->parseKey(Array)
#4 C:\\xampp\\htdocs\\Laravel\\Trazabilidad\\vendor\\laravel\\framework\\src\\Illuminate\\Container\\Container.php(952): Illuminate\\Encryption\\EncryptionServiceProvider->Illuminate\\Encryption\\{closure}(Object(Illuminate\\Foundation\\Application), Array)
#5 C:\\xampp\\htdocs\\Laravel\\Trazabilidad\\vendor\\laravel\\framework\\src\\Illuminate\\Container\\Container.php(832): Illuminate\\Container\\Container->build(Object(Closure))
#6 C:\\xampp\\htdocs\\Laravel\\Trazabilidad\\vendor\\laravel\\framework\\src\\Illuminate\\Foundation\\Application.php(1078): Illuminate\\Container\\Container->resolve('encrypter', Array, true)
#7 C:\\xampp\\htdocs\\Laravel\\Trazabilidad\\vendor\\laravel\\framework\\src\\Illuminate\\Container\\Container.php(763): Illuminate\\Foundation\\Application->resolve('encrypter', Array)
#8 C:\\xampp\\htdocs\\Laravel\\Trazabilidad\\vendor\\laravel\\framework\\src\\Illuminate\\Foundation\\Application.php(1058): Illuminate\\Container\\Container->make('encrypter', Array)
#9 C:\\xampp\\htdocs\\Laravel\\Trazabilidad\\vendor\\laravel\\framework\\src\\Illuminate\\Container\\Container.php(1133): Illuminate\\Foundation\\Application->make('encrypter')
#10 C:\\xampp\\htdocs\\Laravel\\Trazabilidad\\vendor\\laravel\\framework\\src\\Illuminate\\Container\\Container.php(1043): Illuminate\\Container\\Container->resolveClass(Object(ReflectionParameter))
#11 C:\\xampp\\htdocs\\Laravel\\Trazabilidad\\vendor\\laravel\\framework\\src\\Illuminate\\Container\\Container.php(994): Illuminate\\Container\\Container->resolveDependencies(Array)
#12 C:\\xampp\\htdocs\\Laravel\\Trazabilidad\\vendor\\laravel\\framework\\src\\Illuminate\\Container\\Container.php(832): Illuminate\\Container\\Container->build('Illuminate\\\\Cook...')
#13 C:\\xampp\\htdocs\\Laravel\\Trazabilidad\\vendor\\laravel\\framework\\src\\Illuminate\\Foundation\\Application.php(1078): Illuminate\\Container\\Container->resolve('Illuminate\\\\Cook...', Array, true)
#14 C:\\xampp\\htdocs\\Laravel\\Trazabilidad\\vendor\\laravel\\framework\\src\\Illuminate\\Container\\Container.php(763): Illuminate\\Foundation\\Application->resolve('Illuminate\\\\Cook...', Array)
#15 C:\\xampp\\htdocs\\Laravel\\Trazabilidad\\vendor\\laravel\\framework\\src\\Illuminate\\Foundation\\Application.php(1058): Illuminate\\Container\\Container->make('Illuminate\\\\Cook...', Array)
#16 C:\\xampp\\htdocs\\Laravel\\Trazabilidad\\vendor\\laravel\\framework\\src\\Illuminate\\Foundation\\Http\\Kernel.php(258): Illuminate\\Foundation\\Application->make('Illuminate\\\\Cook...')
#17 C:\\xampp\\htdocs\\Laravel\\Trazabilidad\\vendor\\laravel\\framework\\src\\Illuminate\\Foundation\\Http\\Kernel.php(216): Illuminate\\Foundation\\Http\\Kernel->terminateMiddleware(Object(Illuminate\\Http\\Request), Object(Illuminate\\Http\\JsonResponse))
#18 C:\\xampp\\htdocs\\Laravel\\Trazabilidad\\vendor\\laravel\\framework\\src\\Illuminate\\Foundation\\Application.php(1222): Illuminate\\Foundation\\Http\\Kernel->terminate(Object(Illuminate\\Http\\Request), Object(Illuminate\\Http\\JsonResponse))
#19 C:\\xampp\\htdocs\\Laravel\\Trazabilidad\\public\\index.php(16): Illuminate\\Foundation\\Application->handleRequest(Object(Illuminate\\Http\\Request))
#20 {main}
"} 
[2025-12-10 00:03:21] production.ERROR: No application encryption key has been specified. {"exception":"[object] (Illuminate\\Encryption\\MissingAppKeyException(code: 0): No application encryption key has been specified. at C:\\xampp\\htdocs\\Laravel\\Trazabilidad\\vendor\\laravel\\framework\\src\\Illuminate\\Encryption\\EncryptionServiceProvider.php:83)
[stacktrace]
#0 C:\\xampp\\htdocs\\Laravel\\Trazabilidad\\vendor\\laravel\\framework\\src\\Illuminate\\Support\\helpers.php(399): Illuminate\\Encryption\\EncryptionServiceProvider->Illuminate\\Encryption\\{closure}(NULL)
#1 C:\\xampp\\htdocs\\Laravel\\Trazabilidad\\vendor\\laravel\\framework\\src\\Illuminate\\Encryption\\EncryptionServiceProvider.php(81): tap(NULL, Object(Closure))
#2 C:\\xampp\\htdocs\\Laravel\\Trazabilidad\\vendor\\laravel\\framework\\src\\Illuminate\\Encryption\\EncryptionServiceProvider.php(64): Illuminate\\Encryption\\EncryptionServiceProvider->key(Array)
#3 C:\\xampp\\htdocs\\Laravel\\Trazabilidad\\vendor\\laravel\\framework\\src\\Illuminate\\Encryption\\EncryptionServiceProvider.php(32): Illuminate\\Encryption\\EncryptionServiceProvider->parseKey(Array)
#4 C:\\xampp\\htdocs\\Laravel\\Trazabilidad\\vendor\\laravel\\framework\\src\\Illuminate\\Container\\Container.php(952): Illuminate\\Encryption\\EncryptionServiceProvider->Illuminate\\Encryption\\{closure}(Object(Illuminate\\Foundation\\Application), Array)
#5 C:\\xampp\\htdocs\\Laravel\\Trazabilidad\\vendor\\laravel\\framework\\src\\Illuminate\\Container\\Container.php(832): Illuminate\\Container\\Container->build(Object(Closure))
#6 C:\\xampp\\htdocs\\Laravel\\Trazabilidad\\vendor\\laravel\\framework\\src\\Illuminate\\Foundation\\Application.php(1078): Illuminate\\Container\\Container->resolve('encrypter', Array, true)
#7 C:\\xampp\\htdocs\\Laravel\\Trazabilidad\\vendor\\laravel\\framework\\src\\Illuminate\\Container\\Container.php(763): Illuminate\\Foundation\\Application->resolve('encrypter', Array)
#8 C:\\xampp\\htdocs\\Laravel\\Trazabilidad\\vendor\\laravel\\framework\\src\\Illuminate\\Foundation\\Application.php(1058): Illuminate\\Container\\Container->make('encrypter', Array)
#9 C:\\xampp\\htdocs\\Laravel\\Trazabilidad\\vendor\\laravel\\framework\\src\\Illuminate\\Container\\Container.php(1133): Illuminate\\Foundation\\Application->make('encrypter')
#10 C:\\xampp\\htdocs\\Laravel\\Trazabilidad\\vendor\\laravel\\framework\\src\\Illuminate\\Container\\Container.php(1043): Illuminate\\Container\\Container->resolveClass(Object(ReflectionParameter))
#11 C:\\xampp\\htdocs\\Laravel\\Trazabilidad\\vendor\\laravel\\framework\\src\\Illuminate\\Container\\Container.php(994): Illuminate\\Container\\Container->resolveDependencies(Array)
#12 C:\\xampp\\htdocs\\Laravel\\Trazabilidad\\vendor\\laravel\\framework\\src\\Illuminate\\Container\\Container.php(832): Illuminate\\Container\\Container->build('Illuminate\\\\Cook...')
#13 C:\\xampp\\htdocs\\Laravel\\Trazabilidad\\vendor\\laravel\\framework\\src\\Illuminate\\Foundation\\Application.php(1078): Illuminate\\Container\\Container->resolve('Illuminate\\\\Cook...', Array, true)
#14 C:\\xampp\\htdocs\\Laravel\\Trazabilidad\\vendor\\laravel\\framework\\src\\Illuminate\\Container\\Container.php(763): Illuminate\\Foundation\\Application->resolve('Illuminate\\\\Cook...', Array)
#15 C:\\xampp\\htdocs\\Laravel\\Trazabilidad\\vendor\\laravel\\framework\\src\\Illuminate\\Foundation\\Application.php(1058): Illuminate\\Container\\Container->make('Illuminate\\\\Cook...', Array)
#16 C:\\xampp\\htdocs\\Laravel\\Trazabilidad\\vendor\\laravel\\framework\\src\\Illuminate\\Pipeline\\Pipeline.php(198): Illuminate\\Foundation\\Application->make('Illuminate\\\\Cook...')
#17 C:\\xampp\\htdocs\\Laravel\\Trazabilidad\\vendor\\laravel\\framework\\src\\Illuminate\\Pipeline\\Pipeline.php(127): Illuminate\\Pipeline\\Pipeline->Illuminate\\Pipeline\\{closure}(Object(Illuminate\\Http\\Request))
#18 C:\\xampp\\htdocs\\Laravel\\Trazabilidad\\vendor\\laravel\\framework\\src\\Illuminate\\Routing\\Router.php(807): Illuminate\\Pipeline\\Pipeline->then(Object(Closure))
#19 C:\\xampp\\htdocs\\Laravel\\Trazabilidad\\vendor\\laravel\\framework\\src\\Illuminate\\Routing\\Router.php(786): Illuminate\\Routing\\Router->runRouteWithinStack(Object(Illuminate\\Routing\\Route), Object(Illuminate\\Http\\Request))
#20 C:\\xampp\\htdocs\\Laravel\\Trazabilidad\\vendor\\laravel\\framework\\src\\Illuminate\\Routing\\Router.php(750): Illuminate\\Routing\\Router->runRoute(Object(Illuminate\\Http\\Request), Object(Illuminate\\Routing\\Route))
#21 C:\\xampp\\htdocs\\Laravel\\Trazabilidad\\vendor\\laravel\\framework\\src\\Illuminate\\Routing\\Router.php(739): Illuminate\\Routing\\Router->dispatchToRoute(Object(Illuminate\\Http\\Request))
#22 C:\\xampp\\htdocs\\Laravel\\Trazabilidad\\vendor\\laravel\\framework\\src\\Illuminate\\Foundation\\Http\\Kernel.php(201): Illuminate\\Routing\\Router->dispatch(Object(Illuminate\\Http\\Request))
#23 C:\\xampp\\htdocs\\Laravel\\Trazabilidad\\vendor\\laravel\\framework\\src\\Illuminate\\Pipeline\\Pipeline.php(170): Illuminate\\Foundation\\Http\\Kernel->Illuminate\\Foundation\\Http\\{closure}(Object(Illuminate\\Http\\Request))
#24 C:\\xampp\\htdocs\\Laravel\\Trazabilidad\\vendor\\livewire\\livewire\\src\\Features\\SupportDisablingBackButtonCache\\DisableBackButtonCacheMiddleware.php(19): Illuminate\\Pipeline\\Pipeline->Illuminate\\Pipeline\\{closure}(Object(Illuminate\\Http\\Request))
#25 C:\\xampp\\htdocs\\Laravel\\Trazabilidad\\vendor\\laravel\\framework\\src\\Illuminate\\Pipeline\\Pipeline.php(209): Livewire\\Features\\SupportDisablingBackButtonCache\\DisableBackButtonCacheMiddleware->handle(Object(Illuminate\\Http\\Request), Object(Closure))
#26 C:\\xampp\\htdocs\\Laravel\\Trazabilidad\\vendor\\laravel\\framework\\src\\Illuminate\\Foundation\\Http\\Middleware\\TransformsRequest.php(21): Illuminate\\Pipeline\\Pipeline->Illuminate\\Pipeline\\{closure}(Object(Illuminate\\Http\\Request))
#27 C:\\xampp\\htdocs\\Laravel\\Trazabilidad\\vendor\\laravel\\framework\\src\\Illuminate\\Foundation\\Http\\Middleware\\ConvertEmptyStringsToNull.php(31): Illuminate\\Foundation\\Http\\Middleware\\TransformsRequest->handle(Object(Illuminate\\Http\\Request), Object(Closure))
#28 C:\\xampp\\htdocs\\Laravel\\Trazabilidad\\vendor\\laravel\\framework\\src\\Illuminate\\Pipeline\\Pipeline.php(209): Illuminate\\Foundation\\Http\\Middleware\\ConvertEmptyStringsToNull->handle(Object(Illuminate\\Http\\Request), Object(Closure))
#29 C:\\xampp\\htdocs\\Laravel\\Trazabilidad\\vendor\\laravel\\framework\\src\\Illuminate\\Foundation\\Http\\Middleware\\TransformsRequest.php(21): Illuminate\\Pipeline\\Pipeline->Illuminate\\Pipeline\\{closure}(Object(Illuminate\\Http\\Request))
#30 C:\\xampp\\htdocs\\Laravel\\Trazabilidad\\vendor\\laravel\\framework\\src\\Illuminate\\Foundation\\Http\\Middleware\\TrimStrings.php(51): Illuminate\\Foundation\\Http\\Middleware\\TransformsRequest->handle(Object(Illuminate\\Http\\Request), Object(Closure))
#31 C:\\xampp\\htdocs\\Laravel\\Trazabilidad\\vendor\\laravel\\framework\\src\\Illuminate\\Pipeline\\Pipeline.php(209): Illuminate\\Foundation\\Http\\Middleware\\TrimStrings->handle(Object(Illuminate\\Http\\Request), Object(Closure))
#32 C:\\xampp\\htdocs\\Laravel\\Trazabilidad\\vendor\\laravel\\framework\\src\\Illuminate\\Http\\Middleware\\ValidatePostSize.php(27): Illuminate\\Pipeline\\Pipeline->Illuminate\\Pipeline\\{closure}(Object(Illuminate\\Http\\Request))
#33 C:\\xampp\\htdocs\\Laravel\\Trazabilidad\\vendor\\laravel\\framework\\src\\Illuminate\\Pipeline\\Pipeline.php(209): Illuminate\\Http\\Middleware\\ValidatePostSize->handle(Object(Illuminate\\Http\\Request), Object(Closure))
#34 C:\\xampp\\htdocs\\Laravel\\Trazabilidad\\vendor\\laravel\\framework\\src\\Illuminate\\Foundation\\Http\\Middleware\\PreventRequestsDuringMaintenance.php(110): Illuminate\\Pipeline\\Pipeline->Illuminate\\Pipeline\\{closure}(Object(Illuminate\\Http\\Request))
#35 C:\\xampp\\htdocs\\Laravel\\Trazabilidad\\vendor\\laravel\\framework\\src\\Illuminate\\Pipeline\\Pipeline.php(209): Illuminate\\Foundation\\Http\\Middleware\\PreventRequestsDuringMaintenance->handle(Object(Illuminate\\Http\\Request), Object(Closure))
#36 C:\\xampp\\htdocs\\Laravel\\Trazabilidad\\vendor\\laravel\\framework\\src\\Illuminate\\Http\\Middleware\\HandleCors.php(49): Illuminate\\Pipeline\\Pipeline->Illuminate\\Pipeline\\{closure}(Object(Illuminate\\Http\\Request))
#37 C:\\xampp\\htdocs\\Laravel\\Trazabilidad\\vendor\\laravel\\framework\\src\\Illuminate\\Pipeline\\Pipeline.php(209): Illuminate\\Http\\Middleware\\HandleCors->handle(Object(Illuminate\\Http\\Request), Object(Closure))
#38 C:\\xampp\\htdocs\\Laravel\\Trazabilidad\\vendor\\laravel\\framework\\src\\Illuminate\\Http\\Middleware\\TrustProxies.php(58): Illuminate\\Pipeline\\Pipeline->Illuminate\\Pipeline\\{closure}(Object(Illuminate\\Http\\Request))
#39 C:\\xampp\\htdocs\\Laravel\\Trazabilidad\\vendor\\laravel\\framework\\src\\Illuminate\\Pipeline\\Pipeline.php(209): Illuminate\\Http\\Middleware\\TrustProxies->handle(Object(Illuminate\\Http\\Request), Object(Closure))
#40 C:\\xampp\\htdocs\\Laravel\\Trazabilidad\\vendor\\laravel\\framework\\src\\Illuminate\\Foundation\\Http\\Middleware\\InvokeDeferredCallbacks.php(22): Illuminate\\Pipeline\\Pipeline->Illuminate\\Pipeline\\{closure}(Object(Illuminate\\Http\\Request))
#41 C:\\xampp\\htdocs\\Laravel\\Trazabilidad\\vendor\\laravel\\framework\\src\\Illuminate\\Pipeline\\Pipeline.php(209): Illuminate\\Foundation\\Http\\Middleware\\InvokeDeferredCallbacks->handle(Object(Illuminate\\Http\\Request), Object(Closure))
#42 C:\\xampp\\htdocs\\Laravel\\Trazabilidad\\vendor\\laravel\\framework\\src\\Illuminate\\Pipeline\\Pipeline.php(127): Illuminate\\Pipeline\\Pipeline->Illuminate\\Pipeline\\{closure}(Object(Illuminate\\Http\\Request))
#43 C:\\xampp\\htdocs\\Laravel\\Trazabilidad\\vendor\\laravel\\framework\\src\\Illuminate\\Foundation\\Http\\Kernel.php(176): Illuminate\\Pipeline\\Pipeline->then(Object(Closure))
#44 C:\\xampp\\htdocs\\Laravel\\Trazabilidad\\vendor\\laravel\\framework\\src\\Illuminate\\Foundation\\Http\\Kernel.php(145): Illuminate\\Foundation\\Http\\Kernel->sendRequestThroughRouter(Object(Illuminate\\Http\\Request))
#45 C:\\xampp\\htdocs\\Laravel\\Trazabilidad\\vendor\\laravel\\framework\\src\\Illuminate\\Foundation\\Application.php(1220): Illuminate\\Foundation\\Http\\Kernel->handle(Object(Illuminate\\Http\\Request))
#46 C:\\xampp\\htdocs\\Laravel\\Trazabilidad\\public\\index.php(16): Illuminate\\Foundation\\Application->handleRequest(Object(Illuminate\\Http\\Request))
#47 {main}
"} 
[2025-12-10 00:03:21] production.ERROR: No application encryption key has been specified. {"exception":"[object] (Illuminate\\Encryption\\MissingAppKeyException(code: 0): No application encryption key has been specified. at C:\\xampp\\htdocs\\Laravel\\Trazabilidad\\vendor\\laravel\\framework\\src\\Illuminate\\Encryption\\EncryptionServiceProvider.php:83)
[stacktrace]
#0 C:\\xampp\\htdocs\\Laravel\\Trazabilidad\\vendor\\laravel\\framework\\src\\Illuminate\\Support\\helpers.php(399): Illuminate\\Encryption\\EncryptionServiceProvider->Illuminate\\Encryption\\{closure}(NULL)
#1 C:\\xampp\\htdocs\\Laravel\\Trazabilidad\\vendor\\laravel\\framework\\src\\Illuminate\\Encryption\\EncryptionServiceProvider.php(81): tap(NULL, Object(Closure))
#2 C:\\xampp\\htdocs\\Laravel\\Trazabilidad\\vendor\\laravel\\framework\\src\\Illuminate\\Encryption\\EncryptionServiceProvider.php(64): Illuminate\\Encryption\\EncryptionServiceProvider->key(Array)
#3 C:\\xampp\\htdocs\\Laravel\\Trazabilidad\\vendor\\laravel\\framework\\src\\Illuminate\\Encryption\\EncryptionServiceProvider.php(32): Illuminate\\Encryption\\EncryptionServiceProvider->parseKey(Array)
#4 C:\\xampp\\htdocs\\Laravel\\Trazabilidad\\vendor\\laravel\\framework\\src\\Illuminate\\Container\\Container.php(952): Illuminate\\Encryption\\EncryptionServiceProvider->Illuminate\\Encryption\\{closure}(Object(Illuminate\\Foundation\\Application), Array)
#5 C:\\xampp\\htdocs\\Laravel\\Trazabilidad\\vendor\\laravel\\framework\\src\\Illuminate\\Container\\Container.php(832): Illuminate\\Container\\Container->build(Object(Closure))
#6 C:\\xampp\\htdocs\\Laravel\\Trazabilidad\\vendor\\laravel\\framework\\src\\Illuminate\\Foundation\\Application.php(1078): Illuminate\\Container\\Container->resolve('encrypter', Array, true)
#7 C:\\xampp\\htdocs\\Laravel\\Trazabilidad\\vendor\\laravel\\framework\\src\\Illuminate\\Container\\Container.php(763): Illuminate\\Foundation\\Application->resolve('encrypter', Array)
#8 C:\\xampp\\htdocs\\Laravel\\Trazabilidad\\vendor\\laravel\\framework\\src\\Illuminate\\Foundation\\Application.php(1058): Illuminate\\Container\\Container->make('encrypter', Array)
#9 C:\\xampp\\htdocs\\Laravel\\Trazabilidad\\vendor\\laravel\\framework\\src\\Illuminate\\Container\\Container.php(1133): Illuminate\\Foundation\\Application->make('encrypter')
#10 C:\\xampp\\htdocs\\Laravel\\Trazabilidad\\vendor\\laravel\\framework\\src\\Illuminate\\Container\\Container.php(1043): Illuminate\\Container\\Container->resolveClass(Object(ReflectionParameter))
#11 C:\\xampp\\htdocs\\Laravel\\Trazabilidad\\vendor\\laravel\\framework\\src\\Illuminate\\Container\\Container.php(994): Illuminate\\Container\\Container->resolveDependencies(Array)
#12 C:\\xampp\\htdocs\\Laravel\\Trazabilidad\\vendor\\laravel\\framework\\src\\Illuminate\\Container\\Container.php(832): Illuminate\\Container\\Container->build('Illuminate\\\\Cook...')
#13 C:\\xampp\\htdocs\\Laravel\\Trazabilidad\\vendor\\laravel\\framework\\src\\Illuminate\\Foundation\\Application.php(1078): Illuminate\\Container\\Container->resolve('Illuminate\\\\Cook...', Array, true)
#14 C:\\xampp\\htdocs\\Laravel\\Trazabilidad\\vendor\\laravel\\framework\\src\\Illuminate\\Container\\Container.php(763): Illuminate\\Foundation\\Application->resolve('Illuminate\\\\Cook...', Array)
#15 C:\\xampp\\htdocs\\Laravel\\Trazabilidad\\vendor\\laravel\\framework\\src\\Illuminate\\Foundation\\Application.php(1058): Illuminate\\Container\\Container->make('Illuminate\\\\Cook...', Array)
#16 C:\\xampp\\htdocs\\Laravel\\Trazabilidad\\vendor\\laravel\\framework\\src\\Illuminate\\Foundation\\Http\\Kernel.php(258): Illuminate\\Foundation\\Application->make('Illuminate\\\\Cook...')
#17 C:\\xampp\\htdocs\\Laravel\\Trazabilidad\\vendor\\laravel\\framework\\src\\Illuminate\\Foundation\\Http\\Kernel.php(216): Illuminate\\Foundation\\Http\\Kernel->terminateMiddleware(Object(Illuminate\\Http\\Request), Object(Illuminate\\Http\\JsonResponse))
#18 C:\\xampp\\htdocs\\Laravel\\Trazabilidad\\vendor\\laravel\\framework\\src\\Illuminate\\Foundation\\Application.php(1222): Illuminate\\Foundation\\Http\\Kernel->terminate(Object(Illuminate\\Http\\Request), Object(Illuminate\\Http\\JsonResponse))
#19 C:\\xampp\\htdocs\\Laravel\\Trazabilidad\\public\\index.php(16): Illuminate\\Foundation\\Application->handleRequest(Object(Illuminate\\Http\\Request))
#20 {main}
"} 
